Output directory: /work/eic2/ECCE/MC/prop.4/prop.4.0/ExclusiveReactions/BeAGLE/eAu-18x110-Phi-IP6
Output directory: /work/eic2/ECCE/MC/prop.4/prop.4.0/ExclusiveReactions/BeAGLE/ePb-18x108-Phi-IP6
Output directory: /work/eic2/ECCE/MC/prop.4/prop.4.0/ExclusiveReactions/BeAGLE/eZr-18x122-Phi-IP6
Output directory: /work/eic2/ECCE/MC/prop.4/prop.4.0/ExclusiveReactions/EpIC/ep-10x100-DVCS-pi0
Output directory: /work/eic2/ECCE/MC/prop.4/prop.4.0/ExclusiveReactions/EpIC/ep-10x100-TCS-hel_minus
Output directory: /work/eic2/ECCE/MC/prop.4/prop.4.0/ExclusiveReactions/EpIC/ep-10x100-TCS-hel_plus
Output directory: /work/eic2/ECCE/MC/prop.4/prop.4.0/ExclusiveReactions/EpIC/ep-18x275-DVCS-pi0
Output directory: /work/eic2/ECCE/MC/prop.4/prop.4.0/ExclusiveReactions/EpIC/ep-18x275-TCS-hel_minus
Output directory: /work/eic2/ECCE/MC/prop.4/prop.4.0/ExclusiveReactions/EpIC/ep-18x275-TCS-hel_plus
Output directory: /work/eic2/ECCE/MC/prop.4/prop.4.0/ExclusiveReactions/EpIC/ep-5x41-DVCS-pi0
Output directory: /work/eic2/ECCE/MC/prop.4/prop.4.0/ExclusiveReactions/EpIC/ep-5x41-TCS-hel_minus
Output directory: /work/eic2/ECCE/MC/prop.4/prop.4.0/ExclusiveReactions/EpIC/ep-5x41-TCS-hel_plus
Output directory: /work/eic2/ECCE/MC/prop.4/prop.4.0/ExclusiveReactions/LAger/ep-10x100-JPsi
Output directory: /work/eic2/ECCE/MC/prop.4/prop.4.0/ExclusiveReactions/LAger/ep-18x275-JPsi-e
Output directory: /work/eic2/ECCE/MC/prop.4/prop.4.0/ExclusiveReactions/MILOU3D/ep-10x100BH_GK-DVCS
Output directory: /work/eic2/ECCE/MC/prop.4/prop.4.0/ExclusiveReactions/MILOU3D/ep-10x100_GK-DVCS
Output directory: /work/eic2/ECCE/MC/prop.4/prop.4.0/ExclusiveReactions/MILOU3D/ep-10x100IPRO4_GK-DVCS
Output directory: /work/eic2/ECCE/MC/prop.4/prop.4.0/ExclusiveReactions/MILOU3D/ep-18x275BH_GK-DVCS
Output directory: /work/eic2/ECCE/MC/prop.4/prop.4.0/ExclusiveReactions/MILOU3D/ep-18x275_GK-DVCS
Output directory: /work/eic2/ECCE/MC/prop.4/prop.4.0/ExclusiveReactions/MILOU3D/ep-18x275IPRO4_GK-DVCS
Output directory: /work/eic2/ECCE/MC/prop.4/prop.4.0/ExclusiveReactions/MILOU3D/ep-5x41BH_GK-DVCS
Output directory: /work/eic2/ECCE/MC/prop.4/prop.4.0/ExclusiveReactions/MILOU3D/ep-5x41_GK-DVCS
Output directory: /work/eic2/ECCE/MC/prop.4/prop.4.0/ExclusiveReactions/MILOU3D/ep-5x41IPRO4_GK-DVCS
Output directory: /work/eic2/ECCE/MC/prop.4/prop.4.0/ExclusiveReactions/Sartre/ePb-18x110-phiKK-IP6
Output directory: /work/eic2/ECCE/MC/prop.4/prop.4.0/ExclusiveReactions/topeg/eA-10x110_Nh-DVCS
Output directory: /work/eic2/ECCE/MC/prop.4/prop.4.0/ExclusiveReactions/topeg/eA-10x110_Ph-DVCS
Output directory: /work/eic2/ECCE/MC/prop.4/prop.4.0/ExclusiveReactions/topeg/eA-18x110_Nh-DVCS
Output directory: /work/eic2/ECCE/MC/prop.4/prop.4.0/ExclusiveReactions/topeg/eA-18x110_Ph-DVCS
Output directory: /work/eic2/ECCE/MC/prop.4/prop.4.0/ExclusiveReactions/topeg/eA-5x41_Ph-DVCS
