Output directory: /work/eic2/ECCE/MC/prop.4/prop.4.0/DiffractiveAndTagging/EIC_mesonMC/ep-10x100-PiStruc
Output directory: /work/eic2/ECCE/MC/prop.4/prop.4.0/DiffractiveAndTagging/EIC_mesonMC/ep-10x100-PiStruc
Output directory: /work/eic2/ECCE/MC/prop.4/prop.4.0/DiffractiveAndTagging/EIC_mesonMC/ep-18x275-PiStruc
Output directory: /work/eic2/ECCE/MC/prop.4/prop.4.0/DiffractiveAndTagging/EIC_mesonMC/ep-18x275-PiStruc
Output directory: /work/eic2/ECCE/MC/prop.4/prop.4.0/DiffractiveAndTagging/EIC_mesonMC/ep-5x100-PiStruc
Output directory: /work/eic2/ECCE/MC/prop.4/prop.4.0/DiffractiveAndTagging/EIC_mesonMC/ep-5x100-PiStruc
Output directory: /work/eic2/ECCE/MC/prop.4/prop.4.0/DiffractiveAndTagging/EIC_mesonMC/ep-5x41-PiStruc
Output directory: /work/eic2/ECCE/MC/prop.4/prop.4.0/DiffractiveAndTagging/EIC_mesonMC/ep-5x41-PiStruc
Output directory: /work/eic2/ECCE/MC/prop.4/prop.4.0/DiffractiveAndTagging/EIC_mesonMC/ep-10x100-PiStruc
Output directory: /work/eic2/ECCE/MC/prop.4/prop.4.0/DiffractiveAndTagging/EIC_mesonMC/ep-10x100-PiStruc
Output directory: /work/eic2/ECCE/MC/prop.4/prop.4.0/DiffractiveAndTagging/EIC_mesonMC/ep-18x275-PiStruc
Output directory: /work/eic2/ECCE/MC/prop.4/prop.4.0/DiffractiveAndTagging/EIC_mesonMC/ep-18x275-PiStruc
Output directory: /work/eic2/ECCE/MC/prop.4/prop.4.0/DiffractiveAndTagging/EIC_mesonMC/ep-5x100-PiStruc
Output directory: /work/eic2/ECCE/MC/prop.4/prop.4.0/DiffractiveAndTagging/EIC_mesonMC/ep-5x100-PiStruc
Output directory: /work/eic2/ECCE/MC/prop.4/prop.4.0/DiffractiveAndTagging/EIC_mesonMC/ep-5x41-PiStruc
Output directory: /work/eic2/ECCE/MC/prop.4/prop.4.0/DiffractiveAndTagging/EIC_mesonMC/ep-5x41-PiStruc
Output directory: /work/eic2/ECCE/MC/prop.4/prop.4.0/DiffractiveAndTagging/EIC_mesonMC/ep-10x100-PiStruc
Output directory: /work/eic2/ECCE/MC/prop.4/prop.4.0/DiffractiveAndTagging/EIC_mesonMC/ep-18x275-PiStruc
Output directory: /work/eic2/ECCE/MC/prop.4/prop.4.0/DiffractiveAndTagging/EIC_mesonMC/ep-5x100-PiStruc
Output directory: /work/eic2/ECCE/MC/prop.4/prop.4.0/DiffractiveAndTagging/EIC_mesonMC/ep-5x41-PiStruc
Output directory: /work/eic2/ECCE/MC/prop.4/prop.4.0/DiffractiveAndTagging/BeAGLE/ep-5x41-SRC
Output directory: /work/eic2/ECCE/MC/ana.24/prop.4.0/DiffractiveAndTagging/BeAGLE/eZr-18x122-JPsi-e-IP6
Output directory: /work/eic2/ECCE/MC/ana.24/prop.4.0/DiffractiveAndTagging/BeAGLE/eZr-18x122-JPsi-mu-IP6
Output directory: /work/eic2/ECCE/MC/prop.4/prop.4.0/DiffractiveAndTagging/DEMP/ep-10x100-pionFF
Output directory: /work/eic2/ECCE/MC/prop.4/prop.4.0/DiffractiveAndTagging/DEMP/ep-5x100-pionFF
Output directory: /work/eic2/ECCE/MC/prop.4/prop.4.0/DiffractiveAndTagging/DEMP/ep-5x100-upi0
Output directory: /work/eic2/ECCE/MC/prop.4/prop.4.0/DiffractiveAndTagging/DEMP/ep-5x41-KLambda
Output directory: /work/eic2/ECCE/MC/prop.4/prop.4.0/DiffractiveAndTagging/DEMP/ep-5x41-KSigma
Output directory: /work/eic2/ECCE/MC/prop.4/prop.4.0/DiffractiveAndTagging/DEMP/ep-5x41-pionFF
Output directory: /work/eic2/ECCE/MC/prop.4/prop.4.0/DiffractiveAndTagging/Djangoh/eHe3-18x110-NeutronSS-midx
Output directory: /work/eic2/ECCE/MC/ana.24/prop.4.0/DiffractiveAndTagging/Djangoh/eHe3-5x41-NeutronSS-highx
Output directory: /work/eic2/ECCE/MC/prop.4/prop.4.0/DiffractiveAndTagging/Djangoh/ep-5x41-NeutronSS
Output directory: /work/eic2/ECCE/MC/prop.4/prop.4.0/DiffractiveAndTagging/Djangoh/eHe3-5x41-NeutronSS-midx
Output directory: /work/eic2/ECCE/MC/prop.4/prop.4.0/DiffractiveAndTagging/EIC_mesonMC/ep-10x100-PiStruc
Output directory: /work/eic2/ECCE/MC/prop.4/prop.4.0/DiffractiveAndTagging/EIC_mesonMC/ep-18x275-PiStruc
Output directory: /work/eic2/ECCE/MC/prop.4/prop.4.0/DiffractiveAndTagging/EIC_mesonMC/ep-5x100-PiStruc
Output directory: /work/eic2/ECCE/MC/prop.4/prop.4.0/DiffractiveAndTagging/EIC_mesonMC/ep-5x41-PiStruc
Output directory: /work/eic2/ECCE/MC/prop.4/prop.4.0/DiffractiveAndTagging/elSpectro/ep-10x100-XYZ-twopi
Output directory: /work/eic2/ECCE/MC/prop.4/prop.4.0/DiffractiveAndTagging/elSpectro/ep-18x275-XYZ-twopi
Output directory: /work/eic2/ECCE/MC/prop.4/prop.4.0/DiffractiveAndTagging/elSpectro/ep-5x100-XYZ
Output directory: /work/eic2/ECCE/MC/prop.4/prop.4.0/DiffractiveAndTagging/elSpectro/ep-5x100-XYZ-pi4
Output directory: /work/eic2/ECCE/MC/prop.4/prop.4.0/DiffractiveAndTagging/elSpectro/ep-5x100-XYZ-twopi
Output directory: /work/eic2/ECCE/MC/prop.4/prop.4.0/DiffractiveAndTagging/elSpectro/ep-5x41-XYZ-twopi
Output directory: /work/eic2/ECCE/MC/prop.4/prop.4.0/DiffractiveAndTagging/eSTARlight/ep-5x41-uomega-Q2-0-1
Output directory: /work/eic2/ECCE/MC/prop.4/prop.4.0/DiffractiveAndTagging/eSTARlight/ep-5x41-uomega-Q2-1-5
Output directory: /work/eic2/ECCE/MC/prop.4/prop.4.0/DiffractiveAndTagging/Sartre/ePb-18x108-e-IP6
Output directory: /work/eic2/ECCE/MC/prop.4/prop.4.0/DiffractiveAndTagging/BeAGLE/ep-5x41-SRC
Output directory: /work/eic2/ECCE/MC/prop.4/prop.4.0/DiffractiveAndTagging/BeAGLE/ePb-18x108-JPsi-e-IP6
Output directory: /work/eic2/ECCE/MC/prop.4/prop.4.0/DiffractiveAndTagging/BeAGLE/ePb-18x108-JPsi-mu-IP6
Output directory: /work/eic2/ECCE/MC/prop.4/prop.4.0/DiffractiveAndTagging/BeAGLE/ep-5x41-SRC
Output directory: /work/eic2/ECCE/MC/prop.4/prop.4.0/DiffractiveAndTagging/BeAGLE/ePb-18x108-JPsi-e-IP6
Output directory: /work/eic2/ECCE/MC/prop.4/prop.4.0/DiffractiveAndTagging/BeAGLE/ePb-18x108-JPsi-mu-IP6
Output directory: /work/eic2/ECCE/MC/ana.24/prop.4.0/DiffractiveAndTagging/BeAGLE/eZr-18x122-JPsi-e-IP6
Output directory: /work/eic2/ECCE/MC/prop.4/prop.4.0/DiffractiveAndTagging/BeAGLE/eZr-18x122-JPsi-mu-IP6
Output directory: /work/eic2/ECCE/MC/prop.4/prop.4.0/DiffractiveAndTagging/DEMP/ep-5x41-KLambda
Output directory: /work/eic2/ECCE/MC/prop.4/prop.4.0/DiffractiveAndTagging/DEMP/ep-5x41-KSigma
Output directory: /work/eic2/ECCE/MC/prop.4/prop.4.0/DiffractiveAndTagging/DEMP/ep-10x100-pionFF
Output directory: /work/eic2/ECCE/MC/prop.4/prop.4.0/DiffractiveAndTagging/DEMP/ep-5x100-pionFF
Output directory: /work/eic2/ECCE/MC/prop.4/prop.4.0/DiffractiveAndTagging/DEMP/ep-5x41-pionFF
Output directory: /work/eic2/ECCE/MC/prop.4/prop.4.0/DiffractiveAndTagging/Djangoh/eHe3-18x110-NeutronSS-highx
Output directory: /work/eic2/ECCE/MC/prop.4/prop.4.0/DiffractiveAndTagging/Djangoh/eHe3-18x110-NeutronSS-lowx
Output directory: /work/eic2/ECCE/MC/prop.4/prop.4.0/DiffractiveAndTagging/Djangoh/eHe3-18x110-NeutronSS-midx
Output directory: /work/eic2/ECCE/MC/prop.4/prop.4.0/DiffractiveAndTagging/Djangoh/eHe3-5x41-NeutronSS-highx
Output directory: /work/eic2/ECCE/MC/prop.4/prop.4.0/DiffractiveAndTagging/Djangoh/ep-5x41-NeutronSS
Output directory: /work/eic2/ECCE/MC/prop.4/prop.4.0/DiffractiveAndTagging/Djangoh/eHe3-5x41-NeutronSS-lowx
Output directory: /work/eic2/ECCE/MC/prop.4/prop.4.0/DiffractiveAndTagging/Djangoh/eHe3-5x41-NeutronSS-midx
Output directory: /work/eic2/ECCE/MC/prop.4/prop.4.0/DiffractiveAndTagging/Djangoh/eHe3-18x166-NeutronSS-highx
Output directory: /work/eic2/ECCE/MC/prop.4/prop.4.0/DiffractiveAndTagging/Djangoh/eHe3-18x166-NeutronSS-lowx
Output directory: /work/eic2/ECCE/MC/prop.4/prop.4.0/DiffractiveAndTagging/Djangoh/eHe3-18x166-NeutronSS-midx
Output directory: /work/eic2/ECCE/MC/prop.4/prop.4.0/DiffractiveAndTagging/Djangoh/eHe3-5x41-NeutronSS-highx
Output directory: /work/eic2/ECCE/MC/prop.4/prop.4.0/DiffractiveAndTagging/Djangoh/eHe3-5x41-NeutronSS-lowx
Output directory: /work/eic2/ECCE/MC/prop.4/prop.4.0/DiffractiveAndTagging/Djangoh/eHe3-5x41-NeutronSS-midx



Field fix:





Output directory: /work/eic2/ECCE/MC/prop.4/prop.4.0/DiffractiveAndTagging/BeAGLE/eAu-18x110-Rho-IP6
Output directory: /work/eic2/ECCE/MC/prop.4/prop.4.0/DiffractiveAndTagging/BeAGLE/ep-5x41-SRC
Output directory: /work/eic2/ECCE/MC/prop.4/prop.4.0/DiffractiveAndTagging/BeAGLE/ePb-18x108-JPsi-e-IP6
Output directory: /work/eic2/ECCE/MC/prop.4/prop.4.0/DiffractiveAndTagging/BeAGLE/ePb-18x108-JPsi-mu-IP6
Output directory: /work/eic2/ECCE/MC/ana.24/prop.4.0/DiffractiveAndTagging/BeAGLE/eZr-18x122-JPsi-e-IP6
Output directory: /work/eic2/ECCE/MC/prop.4/prop.4.0/DiffractiveAndTagging/DEMP/ep-10x100-pionFF
Output directory: /work/eic2/ECCE/MC/prop.4/prop.4.0/DiffractiveAndTagging/DEMP/ep-5x100-pionFF
Output directory: /work/eic2/ECCE/MC/prop.4/prop.4.0/DiffractiveAndTagging/DEMP/ep-5x100-upi0
Output directory: /work/eic2/ECCE/MC/prop.4/prop.4.0/DiffractiveAndTagging/DEMP/ep-5x41-KLambda
Output directory: /work/eic2/ECCE/MC/prop.4/prop.4.0/DiffractiveAndTagging/DEMP/ep-5x41-KSigma
Output directory: /work/eic2/ECCE/MC/prop.4/prop.4.0/DiffractiveAndTagging/DEMP/ep-5x41-pionFF
Output directory: /work/eic2/ECCE/MC/prop.4/prop.4.0/DiffractiveAndTagging/Djangoh/eHe3-18x166-NeutronSS-highx
Output directory: /work/eic2/ECCE/MC/prop.4/prop.4.0/DiffractiveAndTagging/Djangoh/eHe3-18x166-NeutronSS-lowx
Output directory: /work/eic2/ECCE/MC/prop.4/prop.4.0/DiffractiveAndTagging/Djangoh/eHe3-18x166-NeutronSS-midx
Output directory: /work/eic2/ECCE/MC/prop.4/prop.4.0/DiffractiveAndTagging/Djangoh/eHe3-5x41-NeutronSS-highx
Output directory: /work/eic2/ECCE/MC/prop.4/prop.4.0/DiffractiveAndTagging/Djangoh/eHe3-5x41-NeutronSS-midx
Output directory: /work/eic2/ECCE/MC/prop.4/prop.4.0/DiffractiveAndTagging/EIC_mesonMC/ep-10x100-PiStruc
Output directory: /work/eic2/ECCE/MC/prop.4/prop.4.0/DiffractiveAndTagging/EIC_mesonMC/ep-18x275-PiStruc
Output directory: /work/eic2/ECCE/MC/prop.4/prop.4.0/DiffractiveAndTagging/EIC_mesonMC/ep-5x100-PiStruc
Output directory: /work/eic2/ECCE/MC/prop.4/prop.4.0/DiffractiveAndTagging/EIC_mesonMC/ep-5x41-PiStruc
Output directory: /work/eic2/ECCE/MC/prop.4/prop.4.0/DiffractiveAndTagging/elSpectro/ep-10x100-XYZ-twopi
Output directory: /work/eic2/ECCE/MC/prop.4/prop.4.0/DiffractiveAndTagging/elSpectro/ep-18x275-XYZ-twopi
Output directory: /work/eic2/ECCE/MC/prop.4/prop.4.0/DiffractiveAndTagging/elSpectro/ep-5x100-XYZ
Output directory: /work/eic2/ECCE/MC/prop.4/prop.4.0/DiffractiveAndTagging/elSpectro/ep-5x100-XYZ-pi4
Output directory: /work/eic2/ECCE/MC/prop.4/prop.4.0/DiffractiveAndTagging/elSpectro/ep-5x100-XYZ-twopi
Output directory: /work/eic2/ECCE/MC/prop.4/prop.4.0/DiffractiveAndTagging/elSpectro/ep-5x41-XYZ-twopi
Output directory: /work/eic2/ECCE/MC/prop.4/prop.4.0/DiffractiveAndTagging/eSTARlight/ep-5x41-uomega-Q2-0-1
Output directory: /work/eic2/ECCE/MC/prop.4/prop.4.0/DiffractiveAndTagging/eSTARlight/ep-5x41-uomega-Q2-1-5
Output directory: /work/eic2/ECCE/MC/prop.4/prop.4.0/DiffractiveAndTagging/Sartre/ePb-18x108-e-IP6
Output directory: /work/eic2/ECCE/MC/prop.4/prop.4.0/DiffractiveAndTagging/BeAGLE/eAu-18x110-Rho-IP6
Output directory: /work/eic2/ECCE/MC/prop.4/prop.4.0/DiffractiveAndTagging/BeAGLE/ep-5x41-SRC
Output directory: /work/eic2/ECCE/MC/prop.4/prop.4.0/DiffractiveAndTagging/BeAGLE/ePb-18x108-JPsi-e-IP6
Output directory: /work/eic2/ECCE/MC/prop.4/prop.4.0/DiffractiveAndTagging/BeAGLE/ePb-18x108-JPsi-mu-IP6
Output directory: /work/eic2/ECCE/MC/prop.4/prop.4.0/DiffractiveAndTagging/BeAGLE/eZr-18x122-JPsi-e-IP6
Output directory: /work/eic2/ECCE/MC/prop.4/prop.4.0/DiffractiveAndTagging/DEMP/ep-10x100-pionFF
Output directory: /work/eic2/ECCE/MC/prop.4/prop.4.0/DiffractiveAndTagging/DEMP/ep-5x100-pionFF
Output directory: /work/eic2/ECCE/MC/prop.4/prop.4.0/DiffractiveAndTagging/DEMP/ep-5x100-upi0
Output directory: /work/eic2/ECCE/MC/prop.4/prop.4.0/DiffractiveAndTagging/DEMP/ep-5x41-KLambda
Output directory: /work/eic2/ECCE/MC/prop.4/prop.4.0/DiffractiveAndTagging/DEMP/ep-5x41-KSigma
Output directory: /work/eic2/ECCE/MC/prop.4/prop.4.0/DiffractiveAndTagging/DEMP/ep-5x41-pionFF
Output directory: /work/eic2/ECCE/MC/prop.4/prop.4.0/DiffractiveAndTagging/Djangoh/eHe3-18x166-NeutronSS-highx
Output directory: /work/eic2/ECCE/MC/prop.4/prop.4.0/DiffractiveAndTagging/Djangoh/eHe3-18x166-NeutronSS-lowx
Output directory: /work/eic2/ECCE/MC/prop.4/prop.4.0/DiffractiveAndTagging/Djangoh/eHe3-18x166-NeutronSS-midx
Output directory: /work/eic2/ECCE/MC/prop.4/prop.4.0/DiffractiveAndTagging/Djangoh/eHe3-5x41-NeutronSS-highx
Output directory: /work/eic2/ECCE/MC/prop.4/prop.4.0/DiffractiveAndTagging/Djangoh/eHe3-5x41-NeutronSS-midx
Output directory: /work/eic2/ECCE/MC/prop.4/prop.4.0/DiffractiveAndTagging/EIC_mesonMC/ep-10x100-PiStruc
Output directory: /work/eic2/ECCE/MC/prop.4/prop.4.0/DiffractiveAndTagging/EIC_mesonMC/ep-18x275-PiStruc
Output directory: /work/eic2/ECCE/MC/prop.4/prop.4.0/DiffractiveAndTagging/EIC_mesonMC/ep-5x100-PiStruc
Output directory: /work/eic2/ECCE/MC/prop.4/prop.4.0/DiffractiveAndTagging/EIC_mesonMC/ep-5x41-PiStruc
Output directory: /work/eic2/ECCE/MC/prop.4/prop.4.0/DiffractiveAndTagging/elSpectro/ep-10x100-XYZ-twopi
Output directory: /work/eic2/ECCE/MC/prop.4/prop.4.0/DiffractiveAndTagging/elSpectro/ep-18x275-XYZ-twopi
Output directory: /work/eic2/ECCE/MC/prop.4/prop.4.0/DiffractiveAndTagging/elSpectro/ep-5x100-XYZ
Output directory: /work/eic2/ECCE/MC/prop.4/prop.4.0/DiffractiveAndTagging/elSpectro/ep-5x100-XYZ-pi4
Output directory: /work/eic2/ECCE/MC/prop.4/prop.4.0/DiffractiveAndTagging/elSpectro/ep-5x100-XYZ-twopi
Output directory: /work/eic2/ECCE/MC/prop.4/prop.4.0/DiffractiveAndTagging/elSpectro/ep-5x41-XYZ-twopi
Output directory: /work/eic2/ECCE/MC/prop.4/prop.4.0/DiffractiveAndTagging/eSTARlight/ep-5x41-uomega-Q2-0-1
Output directory: /work/eic2/ECCE/MC/prop.4/prop.4.0/DiffractiveAndTagging/eSTARlight/ep-5x41-uomega-Q2-1-5
Output directory: /work/eic2/ECCE/MC/prop.4/prop.4.0/DiffractiveAndTagging/Sartre/ePb-18x108-e-IP6
Output directory: /work/eic2/ECCE/MC/prop.4/prop.4.0/DiffractiveAndTagging/Sartre/ePb-18x108-mu-IP6
Output directory: /work/eic2/ECCE/MC/prop.4/prop.4.0/DiffractiveAndTagging/BeAGLE/eAu-18x110-Rho-IP6
Output directory: /work/eic2/ECCE/MC/prop.4/prop.4.0/DiffractiveAndTagging/BeAGLE/ep-5x41-SRC
Output directory: /work/eic2/ECCE/MC/prop.4/prop.4.0/DiffractiveAndTagging/BeAGLE/ePb-18x108-JPsi-e-IP6
Output directory: /work/eic2/ECCE/MC/prop.4/prop.4.0/DiffractiveAndTagging/BeAGLE/ePb-18x108-JPsi-mu-IP6
Output directory: /work/eic2/ECCE/MC/prop.4/prop.4.0/DiffractiveAndTagging/BeAGLE/eZr-18x122-JPsi-e-IP6
Output directory: /work/eic2/ECCE/MC/prop.4/prop.4.0/DiffractiveAndTagging/DEMP/ep-10x100-pionFF
Output directory: /work/eic2/ECCE/MC/prop.4/prop.4.0/DiffractiveAndTagging/DEMP/ep-5x100-pionFF
Output directory: /work/eic2/ECCE/MC/prop.4/prop.4.0/DiffractiveAndTagging/DEMP/ep-5x100-upi0
Output directory: /work/eic2/ECCE/MC/prop.4/prop.4.0/DiffractiveAndTagging/DEMP/ep-5x41-KLambda
Output directory: /work/eic2/ECCE/MC/prop.4/prop.4.0/DiffractiveAndTagging/DEMP/ep-5x41-KSigma
Output directory: /work/eic2/ECCE/MC/prop.4/prop.4.0/DiffractiveAndTagging/DEMP/ep-5x41-pionFF
Output directory: /work/eic2/ECCE/MC/prop.4/prop.4.0/DiffractiveAndTagging/Djangoh/eHe3-18x166-NeutronSS-highx
Output directory: /work/eic2/ECCE/MC/prop.4/prop.4.0/DiffractiveAndTagging/Djangoh/eHe3-18x166-NeutronSS-lowx
Output directory: /work/eic2/ECCE/MC/prop.4/prop.4.0/DiffractiveAndTagging/Djangoh/eHe3-18x166-NeutronSS-midx
Output directory: /work/eic2/ECCE/MC/prop.4/prop.4.0/DiffractiveAndTagging/Djangoh/eHe3-5x41-NeutronSS-highx
Output directory: /work/eic2/ECCE/MC/prop.4/prop.4.0/DiffractiveAndTagging/Djangoh/eHe3-5x41-NeutronSS-midx
Output directory: /work/eic2/ECCE/MC/prop.4/prop.4.0/DiffractiveAndTagging/EIC_mesonMC/ep-10x100-PiStruc
Output directory: /work/eic2/ECCE/MC/prop.4/prop.4.0/DiffractiveAndTagging/EIC_mesonMC/ep-18x275-PiStruc
Output directory: /work/eic2/ECCE/MC/prop.4/prop.4.0/DiffractiveAndTagging/EIC_mesonMC/ep-5x100-PiStruc
Output directory: /work/eic2/ECCE/MC/prop.4/prop.4.0/DiffractiveAndTagging/EIC_mesonMC/ep-5x41-PiStruc
Output directory: /work/eic2/ECCE/MC/prop.4/prop.4.0/DiffractiveAndTagging/elSpectro/ep-10x100-XYZ-twopi
Output directory: /work/eic2/ECCE/MC/prop.4/prop.4.0/DiffractiveAndTagging/elSpectro/ep-18x275-XYZ-twopi
Output directory: /work/eic2/ECCE/MC/prop.4/prop.4.0/DiffractiveAndTagging/elSpectro/ep-5x100-XYZ
Output directory: /work/eic2/ECCE/MC/prop.4/prop.4.0/DiffractiveAndTagging/elSpectro/ep-5x100-XYZ-pi4
Output directory: /work/eic2/ECCE/MC/prop.4/prop.4.0/DiffractiveAndTagging/elSpectro/ep-5x100-XYZ-twopi
Output directory: /work/eic2/ECCE/MC/prop.4/prop.4.0/DiffractiveAndTagging/elSpectro/ep-5x41-XYZ-twopi
Output directory: /work/eic2/ECCE/MC/prop.4/prop.4.0/DiffractiveAndTagging/eSTARlight/ep-5x41-uomega-Q2-0-1
Output directory: /work/eic2/ECCE/MC/prop.4/prop.4.0/DiffractiveAndTagging/eSTARlight/ep-5x41-uomega-Q2-1-5
Output directory: /work/eic2/ECCE/MC/prop.4/prop.4.0/DiffractiveAndTagging/Sartre/ePb-18x108-e-IP6
Output directory: /work/eic2/ECCE/MC/prop.4/prop.4.0/DiffractiveAndTagging/Sartre/ePb-18x108-mu-IP6
Output directory: /work/eic2/ECCE/MC/prop.4/prop.4.0/DiffractiveAndTagging/BeAGLE/eAu-18x110-Rho-IP6
Output directory: /work/eic2/ECCE/MC/prop.4/prop.4.0/DiffractiveAndTagging/BeAGLE/ep-5x41-SRC
Output directory: /work/eic2/ECCE/MC/prop.4/prop.4.0/DiffractiveAndTagging/BeAGLE/ePb-18x108-JPsi-e-IP6
Output directory: /work/eic2/ECCE/MC/prop.4/prop.4.0/DiffractiveAndTagging/BeAGLE/ePb-18x108-JPsi-mu-IP6
Output directory: /work/eic2/ECCE/MC/prop.4/prop.4.0/DiffractiveAndTagging/BeAGLE/eZr-18x122-JPsi-e-IP6
Output directory: /work/eic2/ECCE/MC/prop.4/prop.4.0/DiffractiveAndTagging/DEMP/ep-10x100-pionFF
Output directory: /work/eic2/ECCE/MC/prop.4/prop.4.0/DiffractiveAndTagging/DEMP/ep-5x100-pionFF
Output directory: /work/eic2/ECCE/MC/prop.4/prop.4.0/DiffractiveAndTagging/DEMP/ep-5x100-upi0
Output directory: /work/eic2/ECCE/MC/prop.4/prop.4.0/DiffractiveAndTagging/DEMP/ep-5x41-KLambda
Output directory: /work/eic2/ECCE/MC/prop.4/prop.4.0/DiffractiveAndTagging/DEMP/ep-5x41-KSigma
Output directory: /work/eic2/ECCE/MC/prop.4/prop.4.0/DiffractiveAndTagging/DEMP/ep-5x41-pionFF
Output directory: /work/eic2/ECCE/MC/prop.4/prop.4.0/DiffractiveAndTagging/Djangoh/eHe3-18x166-NeutronSS-highx
Output directory: /work/eic2/ECCE/MC/prop.4/prop.4.0/DiffractiveAndTagging/Djangoh/eHe3-18x166-NeutronSS-lowx
Output directory: /work/eic2/ECCE/MC/prop.4/prop.4.0/DiffractiveAndTagging/Djangoh/eHe3-18x166-NeutronSS-midx
Output directory: /work/eic2/ECCE/MC/prop.4/prop.4.0/DiffractiveAndTagging/Djangoh/eHe3-5x41-NeutronSS-highx
Output directory: /work/eic2/ECCE/MC/prop.4/prop.4.0/DiffractiveAndTagging/Djangoh/eHe3-5x41-NeutronSS-midx
Output directory: /work/eic2/ECCE/MC/prop.4/prop.4.0/DiffractiveAndTagging/EIC_mesonMC/ep-10x100-PiStruc
Output directory: /work/eic2/ECCE/MC/prop.4/prop.4.0/DiffractiveAndTagging/EIC_mesonMC/ep-18x275-PiStruc
Output directory: /work/eic2/ECCE/MC/prop.4/prop.4.0/DiffractiveAndTagging/EIC_mesonMC/ep-5x100-PiStruc
Output directory: /work/eic2/ECCE/MC/prop.4/prop.4.0/DiffractiveAndTagging/EIC_mesonMC/ep-5x41-PiStruc
Output directory: /work/eic2/ECCE/MC/prop.4/prop.4.0/DiffractiveAndTagging/elSpectro/ep-10x100-XYZ-twopi
Output directory: /work/eic2/ECCE/MC/prop.4/prop.4.0/DiffractiveAndTagging/elSpectro/ep-18x275-XYZ-twopi
Output directory: /work/eic2/ECCE/MC/prop.4/prop.4.0/DiffractiveAndTagging/elSpectro/ep-5x100-XYZ
Output directory: /work/eic2/ECCE/MC/prop.4/prop.4.0/DiffractiveAndTagging/elSpectro/ep-5x100-XYZ-pi4
Output directory: /work/eic2/ECCE/MC/prop.4/prop.4.0/DiffractiveAndTagging/elSpectro/ep-5x100-XYZ-twopi
Output directory: /work/eic2/ECCE/MC/prop.4/prop.4.0/DiffractiveAndTagging/elSpectro/ep-5x41-XYZ-twopi
Output directory: /work/eic2/ECCE/MC/prop.4/prop.4.0/DiffractiveAndTagging/eSTARlight/ep-5x41-uomega-Q2-0-1
Output directory: /work/eic2/ECCE/MC/prop.4/prop.4.0/DiffractiveAndTagging/eSTARlight/ep-5x41-uomega-Q2-1-5
Output directory: /work/eic2/ECCE/MC/prop.4/prop.4.0/DiffractiveAndTagging/Sartre/ePb-18x108-e-IP6
Output directory: /work/eic2/ECCE/MC/prop.4/prop.4.0/DiffractiveAndTagging/Sartre/ePb-18x108-mu-IP6

--------------------------------------------------------------
Magnets set to active










Output directory: /work/eic2/ECCE/MC/prop.4/prop.4.0/DiffractiveAndTagging/EIC_mesonMC/ep-10x100-PiStruc-IP6
Output directory: /work/eic2/ECCE/MC/prop.4/prop.4.0/DiffractiveAndTagging/EIC_mesonMC/ep-18x275-PiStruc-IP6
Output directory: /work/eic2/ECCE/MC/prop.4/prop.4.0/DiffractiveAndTagging/EIC_mesonMC/ep-5x100-PiStruc-IP6
Output directory: /work/eic2/ECCE/MC/prop.4/prop.4.0/DiffractiveAndTagging/EIC_mesonMC/ep-5x41-PiStruc-IP6
Output directory: /work/eic2/ECCE/MC/prop.4/prop.4.0/DiffractiveAndTagging/EIC_mesonMC/ep-10x100-PiStruc-IP6
Output directory: /work/eic2/ECCE/MC/prop.4/prop.4.0/DiffractiveAndTagging/EIC_mesonMC/ep-18x275-PiStruc-IP6
Output directory: /work/eic2/ECCE/MC/prop.4/prop.4.0/DiffractiveAndTagging/EIC_mesonMC/ep-5x100-PiStruc-IP6
Output directory: /work/eic2/ECCE/MC/prop.4/prop.4.0/DiffractiveAndTagging/EIC_mesonMC/ep-5x41-PiStruc-IP6
Output directory: /work/eic2/ECCE/MC/prop.4/prop.4.0/DiffractiveAndTagging/EIC_mesonMC/ep-10x100-PiStruc-IP6
Output directory: /work/eic2/ECCE/MC/prop.4/prop.4.0/DiffractiveAndTagging/EIC_mesonMC/ep-10x135-PiStruc-IP6
Output directory: /work/eic2/ECCE/MC/prop.4/prop.4.0/DiffractiveAndTagging/EIC_mesonMC/ep-18x275-PiStruc-IP6
Output directory: /work/eic2/ECCE/MC/prop.4/prop.4.0/DiffractiveAndTagging/EIC_mesonMC/ep-5x100-PiStruc-IP6
Output directory: /work/eic2/ECCE/MC/prop.4/prop.4.0/DiffractiveAndTagging/EIC_mesonMC/ep-5x41-PiStruc-IP6
Output directory: /work/eic2/ECCE/MC/prop.4/prop.4.0/DiffractiveAndTagging/EIC_mesonMC/ep-10x100-PiStruc-IP6
Output directory: /work/eic2/ECCE/MC/prop.4/prop.4.0/DiffractiveAndTagging/EIC_mesonMC/ep-10x135-PiStruc-IP6
Output directory: /work/eic2/ECCE/MC/prop.4/prop.4.0/DiffractiveAndTagging/EIC_mesonMC/ep-18x275-PiStruc-IP6
Output directory: /work/eic2/ECCE/MC/prop.4/prop.4.0/DiffractiveAndTagging/EIC_mesonMC/ep-5x100-PiStruc-IP6
Output directory: /work/eic2/ECCE/MC/prop.4/prop.4.0/DiffractiveAndTagging/EIC_mesonMC/ep-5x41-PiStruc-IP6
Output directory: /work/eic2/ECCE/MC/prop.4/prop.4.0/DiffractiveAndTagging/Djangoh/eHe3-18x110-NeutronSS-highx-IP6
Output directory: /work/eic2/ECCE/MC/prop.4/prop.4.0/DiffractiveAndTagging/Djangoh/eHe3-18x110-NeutronSS-lowx-IP6
Output directory: /work/eic2/ECCE/MC/prop.4/prop.4.0/DiffractiveAndTagging/Djangoh/eHe3-18x110-NeutronSS-midx-IP6
Output directory: /work/eic2/ECCE/MC/prop.4/prop.4.0/DiffractiveAndTagging/Djangoh/eHe3-18x166-NeutronSS-highx-IP6
Output directory: /work/eic2/ECCE/MC/prop.4/prop.4.0/DiffractiveAndTagging/Djangoh/eHe3-18x166-NeutronSS-lowx-IP6
Output directory: /work/eic2/ECCE/MC/prop.4/prop.4.0/DiffractiveAndTagging/Djangoh/eHe3-18x166-NeutronSS-midx-IP6
Output directory: /work/eic2/ECCE/MC/prop.4/prop.4.0/DiffractiveAndTagging/Djangoh/eHe3-5x41-NeutronSS-highx-IP6
Output directory: /work/eic2/ECCE/MC/prop.4/prop.4.0/DiffractiveAndTagging/Djangoh/eHe3-5x41-NeutronSS-midx-IP6
Output directory: /work/eic2/ECCE/MC/prop.4/prop.4.0/DiffractiveAndTagging/BeAGLE/ePb-18x108-JPsi-e-IP8
Output directory: /work/eic2/ECCE/MC/prop.4/prop.4.0/DiffractiveAndTagging/BeAGLE/ePb-18x108-JPsi-mu-IP8
Output directory: /work/eic2/ECCE/MC/prop.4/prop.4.0/DiffractiveAndTagging/BeAGLE/eZr-18x122-JPsi-e-IP8
Output directory: /work/eic2/ECCE/MC/prop.4/prop.4.0/DiffractiveAndTagging/BeAGLE/eZr-18x122-JPsi-mu-IP8
Output directory: /work/eic2/ECCE/MC/prop.4/prop.4.0/DiffractiveAndTagging/Sartre/ePb-18x108-e-IP8
Output directory: /work/eic2/ECCE/MC/prop.4/prop.4.0/DiffractiveAndTagging/Sartre/ePb-18x108-mu-IP8
Output directory: /work/eic2/ECCE/MC/prop.4/prop.4.0/DiffractiveAndTagging/BeAGLE/ePb-18x108-JPsi-e-IP8
Output directory: /work/eic2/ECCE/MC/prop.4/prop.4.0/DiffractiveAndTagging/BeAGLE/ePb-18x108-JPsi-mu-IP8
Output directory: /work/eic2/ECCE/MC/prop.4/prop.4.0/DiffractiveAndTagging/BeAGLE/eZr-18x122-JPsi-e-IP8
Output directory: /work/eic2/ECCE/MC/prop.4/prop.4.0/DiffractiveAndTagging/BeAGLE/eZr-18x122-JPsi-mu-IP8
Output directory: /work/eic2/ECCE/MC/prop.4/prop.4.0/DiffractiveAndTagging/Sartre/ePb-18x108-e-IP8
Output directory: /work/eic2/ECCE/MC/prop.4/prop.4.0/DiffractiveAndTagging/Sartre/ePb-18x108-mu-IP8
Output directory: /work/eic2/ECCE/MC/prop.4/prop.4.0/DiffractiveAndTagging/BeAGLE/eAu-18x110-Rho-IP6
Output directory: /work/eic2/ECCE/MC/prop.4/prop.4.0/DiffractiveAndTagging/BeAGLE/ep-5x41-SRC-IP6
Output directory: /work/eic2/ECCE/MC/prop.4/prop.4.0/DiffractiveAndTagging/BeAGLE/ePb-18x108-JPsi-e-IP6
Output directory: /work/eic2/ECCE/MC/prop.4/prop.4.0/DiffractiveAndTagging/BeAGLE/ePb-18x108-JPsi-mu-IP6
Output directory: /work/eic2/ECCE/MC/prop.4/prop.4.0/DiffractiveAndTagging/BeAGLE/eZr-18x122-JPsi-e-IP6
Output directory: /work/eic2/ECCE/MC/prop.4/prop.4.0/DiffractiveAndTagging/BeAGLE/eZr-18x122-JPsi-mu-IP6
Output directory: /work/eic2/ECCE/MC/prop.4/prop.4.0/DiffractiveAndTagging/BeAGLE/ePb-18x108-JPsi-mu-IP8
Output directory: /work/eic2/ECCE/MC/prop.4/prop.4.0/DiffractiveAndTagging/BeAGLE/eZr-18x122-JPsi-e-IP8
Output directory: /work/eic2/ECCE/MC/prop.4/prop.4.0/DiffractiveAndTagging/BeAGLE/eZr-18x122-JPsi-mu-IP8
Output directory: /work/eic2/ECCE/MC/prop.4/prop.4.0/DiffractiveAndTagging/Sartre/ePb-18x108-e-IP8
Output directory: /work/eic2/ECCE/MC/prop.4/prop.4.0/DiffractiveAndTagging/Sartre/ePb-18x108-mu-IP8
Output directory: /work/eic2/ECCE/MC/prop.4/prop.4.0/DiffractiveAndTagging/BeAGLE/ePb-18x108-JPsi-e-IP8
Output directory: /work/eic2/ECCE/MC/prop.4/prop.4.0/DiffractiveAndTagging/BeAGLE/ePb-18x108-JPsi-mu-IP8
Output directory: /work/eic2/ECCE/MC/prop.4/prop.4.0/DiffractiveAndTagging/BeAGLE/eZr-18x122-JPsi-e-IP8
Output directory: /work/eic2/ECCE/MC/prop.4/prop.4.0/DiffractiveAndTagging/BeAGLE/eZr-18x122-JPsi-mu-IP8
Output directory: /work/eic2/ECCE/MC/prop.4/prop.4.0/DiffractiveAndTagging/Sartre/ePb-18x108-e-IP8
Output directory: /work/eic2/ECCE/MC/prop.4/prop.4.0/DiffractiveAndTagging/Sartre/ePb-18x108-mu-IP8
Output directory: /work/eic2/ECCE/MC/prop.4/prop.4.0/DiffractiveAndTagging/DEMP/ep-10x100-pionFF-IP6
Output directory: /work/eic2/ECCE/MC/prop.4/prop.4.0/DiffractiveAndTagging/DEMP/ep-5x100-pionFF-IP6
Output directory: /work/eic2/ECCE/MC/prop.4/prop.4.0/DiffractiveAndTagging/DEMP/ep-5x41-pionFF-IP6
Output directory: /work/eic2/ECCE/MC/prop.4/prop.4.0/DiffractiveAndTagging/Djangoh/eHe3-18x110-NeutronSS-highx-IP6
Output directory: /work/eic2/ECCE/MC/prop.4/prop.4.0/DiffractiveAndTagging/Djangoh/eHe3-18x110-NeutronSS-lowx-IP6
Output directory: /work/eic2/ECCE/MC/prop.4/prop.4.0/DiffractiveAndTagging/Djangoh/eHe3-18x110-NeutronSS-midx-IP6
Output directory: /work/eic2/ECCE/MC/prop.4/prop.4.0/DiffractiveAndTagging/Djangoh/eHe3-18x166-NeutronSS-highx-IP6
Output directory: /work/eic2/ECCE/MC/prop.4/prop.4.0/DiffractiveAndTagging/Djangoh/eHe3-18x166-NeutronSS-lowx-IP6
Output directory: /work/eic2/ECCE/MC/prop.4/prop.4.0/DiffractiveAndTagging/Djangoh/eHe3-18x166-NeutronSS-midx-IP6
Output directory: /work/eic2/ECCE/MC/prop.4/prop.4.0/DiffractiveAndTagging/Djangoh/eHe3-5x41-NeutronSS-highx-IP6
Output directory: /work/eic2/ECCE/MC/prop.4/prop.4.0/DiffractiveAndTagging/Djangoh/eHe3-5x41-NeutronSS-midx-IP6
Output directory: /work/eic2/ECCE/MC/prop.4/prop.4.0/DiffractiveAndTagging/BeAGLE/eAu-18x110-JPsi-e-IP6
Output directory: /work/eic2/ECCE/MC/prop.4/prop.4.0/DiffractiveAndTagging/BeAGLE/eAu-18x110-JPsi-e-IP8
Output directory: /work/eic2/ECCE/MC/prop.4/prop.4.0/DiffractiveAndTagging/BeAGLE/eAu-18x110-JPsi-mu-IP6
Output directory: /work/eic2/ECCE/MC/prop.4/prop.4.0/DiffractiveAndTagging/BeAGLE/eAu-18x110-JPsi-mu-IP8
Output directory: /work/eic2/ECCE/MC/prop.4/prop.4.0/DiffractiveAndTagging/BeAGLE/eAu-18x110-Rho-IP6
Output directory: /work/eic2/ECCE/MC/prop.4/prop.4.0/DiffractiveAndTagging/BeAGLE/ep-5x41-SRC-IP6
Output directory: /work/eic2/ECCE/MC/prop.4/prop.4.0/DiffractiveAndTagging/BeAGLE/ePb-18x108-JPsi-e-IP6
Output directory: /work/eic2/ECCE/MC/prop.4/prop.4.0/DiffractiveAndTagging/BeAGLE/ePb-18x108-JPsi-e-IP8
Output directory: /work/eic2/ECCE/MC/prop.4/prop.4.0/DiffractiveAndTagging/BeAGLE/ePb-18x108-JPsi-mu-IP6
Output directory: /work/eic2/ECCE/MC/prop.4/prop.4.0/DiffractiveAndTagging/BeAGLE/ePb-18x108-JPsi-mu-IP8
Output directory: /work/eic2/ECCE/MC/prop.4/prop.4.0/DiffractiveAndTagging/BeAGLE/eZr-18x122-JPsi-e-IP6
Output directory: /work/eic2/ECCE/MC/prop.4/prop.4.0/DiffractiveAndTagging/BeAGLE/eZr-18x122-JPsi-e-IP8
Output directory: /work/eic2/ECCE/MC/prop.4/prop.4.0/DiffractiveAndTagging/BeAGLE/eZr-18x122-JPsi-mu-IP6
Output directory: /work/eic2/ECCE/MC/prop.4/prop.4.0/DiffractiveAndTagging/BeAGLE/eZr-18x122-JPsi-mu-IP8
Output directory: /work/eic2/ECCE/MC/prop.4/prop.4.0/DiffractiveAndTagging/DEMP/ep-10x100-pionFF-IP6
Output directory: /work/eic2/ECCE/MC/prop.4/prop.4.0/DiffractiveAndTagging/DEMP/ep-5x100-pionFF-IP6
Output directory: /work/eic2/ECCE/MC/prop.4/prop.4.0/DiffractiveAndTagging/DEMP/ep-5x100-upi0-IP6
Output directory: /work/eic2/ECCE/MC/prop.4/prop.4.0/DiffractiveAndTagging/DEMP/ep-5x41-KLambda-IP6
Output directory: /work/eic2/ECCE/MC/prop.4/prop.4.0/DiffractiveAndTagging/DEMP/ep-5x41-KSigma-IP6
Output directory: /work/eic2/ECCE/MC/prop.4/prop.4.0/DiffractiveAndTagging/DEMP/ep-5x41-pionFF-IP6
Output directory: /work/eic2/ECCE/MC/prop.4/prop.4.0/DiffractiveAndTagging/Djangoh/eHe3-18x110-NeutronSS-highx-IP6
Output directory: /work/eic2/ECCE/MC/prop.4/prop.4.0/DiffractiveAndTagging/Djangoh/eHe3-18x110-NeutronSS-lowx-IP6
Output directory: /work/eic2/ECCE/MC/prop.4/prop.4.0/DiffractiveAndTagging/Djangoh/eHe3-18x110-NeutronSS-midx-IP6
Output directory: /work/eic2/ECCE/MC/prop.4/prop.4.0/DiffractiveAndTagging/Djangoh/eHe3-18x166-NeutronSS-highx-IP6
Output directory: /work/eic2/ECCE/MC/prop.4/prop.4.0/DiffractiveAndTagging/Djangoh/eHe3-18x166-NeutronSS-lowx-IP6
Output directory: /work/eic2/ECCE/MC/prop.4/prop.4.0/DiffractiveAndTagging/Djangoh/eHe3-18x166-NeutronSS-midx-IP6
Output directory: /work/eic2/ECCE/MC/prop.4/prop.4.0/DiffractiveAndTagging/Djangoh/eHe3-5x41-NeutronSS-highx-IP6
Output directory: /work/eic2/ECCE/MC/prop.4/prop.4.0/DiffractiveAndTagging/Djangoh/eHe3-5x41-NeutronSS-midx-IP6
Output directory: /work/eic2/ECCE/MC/prop.4/prop.4.0/DiffractiveAndTagging/EIC_mesonMC/ep-10x100-PiStruc-IP6
Output directory: /work/eic2/ECCE/MC/prop.4/prop.4.0/DiffractiveAndTagging/EIC_mesonMC/ep-10x135-PiStruc-IP6
Output directory: /work/eic2/ECCE/MC/prop.4/prop.4.0/DiffractiveAndTagging/EIC_mesonMC/ep-18x275-PiStruc-IP6
Output directory: /work/eic2/ECCE/MC/prop.4/prop.4.0/DiffractiveAndTagging/EIC_mesonMC/ep-5x100-PiStruc-IP6
Output directory: /work/eic2/ECCE/MC/prop.4/prop.4.0/DiffractiveAndTagging/EIC_mesonMC/ep-5x41-PiStruc-IP6
Output directory: /work/eic2/ECCE/MC/prop.4/prop.4.0/DiffractiveAndTagging/elSpectro/ep-10x100-XYZ-twopi-IP6
Output directory: /work/eic2/ECCE/MC/prop.4/prop.4.0/DiffractiveAndTagging/elSpectro/ep-18x275-XYZ-twopi-IP6
Output directory: /work/eic2/ECCE/MC/prop.4/prop.4.0/DiffractiveAndTagging/elSpectro/ep-5x100-XYZ-IP6
Output directory: /work/eic2/ECCE/MC/prop.4/prop.4.0/DiffractiveAndTagging/elSpectro/ep-5x100-XYZ-pi4-IP6
Output directory: /work/eic2/ECCE/MC/prop.4/prop.4.0/DiffractiveAndTagging/elSpectro/ep-5x100-XYZ-twopi-IP6
Output directory: /work/eic2/ECCE/MC/prop.4/prop.4.0/DiffractiveAndTagging/elSpectro/ep-5x41-XYZ-twopi-IP6
Output directory: /work/eic2/ECCE/MC/prop.4/prop.4.0/DiffractiveAndTagging/eSTARlight/ep-18x275-upsilon-IP6
Output directory: /work/eic2/ECCE/MC/prop.4/prop.4.0/DiffractiveAndTagging/eSTARlight/ep-5x41-uomega-Q2-0-1-IP6
Output directory: /work/eic2/ECCE/MC/prop.4/prop.4.0/DiffractiveAndTagging/eSTARlight/ep-5x41-uomega-Q2-1-5-IP6
Output directory: /work/eic2/ECCE/MC/prop.4/prop.4.0/DiffractiveAndTagging/Sartre/ePb-18x108-e-IP6
Output directory: /work/eic2/ECCE/MC/prop.4/prop.4.0/DiffractiveAndTagging/Sartre/ePb-18x108-e-IP8
Output directory: /work/eic2/ECCE/MC/prop.4/prop.4.0/DiffractiveAndTagging/Sartre/ePb-18x108-mu-IP6
Output directory: /work/eic2/ECCE/MC/prop.4/prop.4.0/DiffractiveAndTagging/Sartre/ePb-18x108-mu-IP8



/work/eic2/ECCE/MC/prop.4/prop.4.0/DiffractiveAndTagging/BeAGLE/eAu-18x110-JPsi-e-IP6
/work/eic2/ECCE/MC/prop.4/prop.4.0/DiffractiveAndTagging/BeAGLE/eAu-18x110-JPsi-e-IP8
/work/eic2/ECCE/MC/prop.4/prop.4.0/DiffractiveAndTagging/BeAGLE/eAu-18x110-JPsi-mu-IP6
/work/eic2/ECCE/MC/prop.4/prop.4.0/DiffractiveAndTagging/BeAGLE/eAu-18x110-JPsi-mu-IP8
/work/eic2/ECCE/MC/prop.4/prop.4.0/DiffractiveAndTagging/BeAGLE/eAu-18x110-Rho-IP6
/work/eic2/ECCE/MC/prop.4/prop.4.0/DiffractiveAndTagging/BeAGLE/ep-5x41-SRC-IP6
/work/eic2/ECCE/MC/prop.4/prop.4.0/DiffractiveAndTagging/BeAGLE/ePb-18x108-JPsi-mu-IP6
/work/eic2/ECCE/MC/prop.4/prop.4.0/DiffractiveAndTagging/BeAGLE/ePb-18x108-JPsi-mu-IP8
/work/eic2/ECCE/MC/prop.4/prop.4.0/DiffractiveAndTagging/BeAGLE/eZr-18x122-JPsi-e-IP6
/work/eic2/ECCE/MC/prop.4/prop.4.0/DiffractiveAndTagging/BeAGLE/eZr-18x122-JPsi-e-IP8
/work/eic2/ECCE/MC/prop.4/prop.4.0/DiffractiveAndTagging/BeAGLE/eZr-18x122-JPsi-mu-IP6
/work/eic2/ECCE/MC/prop.4/prop.4.0/DiffractiveAndTagging/BeAGLE/eAu-18x110-JPsi-e-IP6
/work/eic2/ECCE/MC/prop.4/prop.4.0/DiffractiveAndTagging/BeAGLE/eAu-18x110-JPsi-e-IP8
/work/eic2/ECCE/MC/prop.4/prop.4.0/DiffractiveAndTagging/BeAGLE/eAu-18x110-JPsi-mu-IP6
/work/eic2/ECCE/MC/prop.4/prop.4.0/DiffractiveAndTagging/BeAGLE/eAu-18x110-JPsi-mu-IP8
/work/eic2/ECCE/MC/prop.4/prop.4.0/DiffractiveAndTagging/BeAGLE/eAu-18x110-Rho-IP6
/work/eic2/ECCE/MC/prop.4/prop.4.0/DiffractiveAndTagging/BeAGLE/ep-5x41-SRC-IP6
/work/eic2/ECCE/MC/prop.4/prop.4.0/DiffractiveAndTagging/BeAGLE/eAu-18x110-JPsi-e-IP6
/work/eic2/ECCE/MC/prop.4/prop.4.0/DiffractiveAndTagging/BeAGLE/eAu-18x110-JPsi-e-IP8
/work/eic2/ECCE/MC/prop.4/prop.4.0/DiffractiveAndTagging/BeAGLE/eAu-18x110-JPsi-mu-IP6
/work/eic2/ECCE/MC/prop.4/prop.4.0/DiffractiveAndTagging/BeAGLE/eAu-18x110-JPsi-mu-IP8
/work/eic2/ECCE/MC/prop.4/prop.4.0/DiffractiveAndTagging/BeAGLE/eAu-18x110-Rho-IP6
/work/eic2/ECCE/MC/prop.4/prop.4.0/DiffractiveAndTagging/BeAGLE/ep-5x41-SRC-IP6
/work/eic2/ECCE/MC/prop.4/prop.4.0/DiffractiveAndTagging/BeAGLE/ePb-18x108-JPsi-e-IP6
/work/eic2/ECCE/MC/prop.4/prop.4.0/DiffractiveAndTagging/BeAGLE/ePb-18x108-JPsi-e-IP8
/work/eic2/ECCE/MC/prop.4/prop.4.0/DiffractiveAndTagging/BeAGLE/ePb-18x108-JPsi-mu-IP6
/work/eic2/ECCE/MC/prop.4/prop.4.0/DiffractiveAndTagging/BeAGLE/ePb-18x108-JPsi-mu-IP8
/work/eic2/ECCE/MC/prop.4/prop.4.0/DiffractiveAndTagging/BeAGLE/eZr-18x122-JPsi-e-IP6
/work/eic2/ECCE/MC/prop.4/prop.4.0/DiffractiveAndTagging/BeAGLE/eZr-18x122-JPsi-e-IP8
/work/eic2/ECCE/MC/prop.4/prop.4.0/DiffractiveAndTagging/BeAGLE/eZr-18x122-JPsi-mu-IP6
/work/eic2/ECCE/MC/prop.4/prop.4.0/DiffractiveAndTagging/BeAGLE/eZr-18x122-JPsi-mu-IP8
/work/eic2/ECCE/MC/prop.4/prop.4.0/DiffractiveAndTagging/DEMP/ep-10x100-pionFF-IP6
/work/eic2/ECCE/MC/prop.4/prop.4.0/DiffractiveAndTagging/DEMP/ep-5x100-pionFF-IP6
/work/eic2/ECCE/MC/prop.4/prop.4.0/DiffractiveAndTagging/DEMP/ep-5x100-upi0-IP6
/work/eic2/ECCE/MC/prop.4/prop.4.0/DiffractiveAndTagging/DEMP/ep-5x41-KLambda-IP6
/work/eic2/ECCE/MC/prop.4/prop.4.0/DiffractiveAndTagging/DEMP/ep-5x41-KSigma-IP6
/work/eic2/ECCE/MC/prop.4/prop.4.0/DiffractiveAndTagging/DEMP/ep-5x41-pionFF-IP6
/work/eic2/ECCE/MC/prop.4/prop.4.0/DiffractiveAndTagging/Djangoh/eHe3-18x110-NeutronSS-highx-IP6
/work/eic2/ECCE/MC/prop.4/prop.4.0/DiffractiveAndTagging/Djangoh/eHe3-18x110-NeutronSS-lowx-IP6
/work/eic2/ECCE/MC/prop.4/prop.4.0/DiffractiveAndTagging/Djangoh/eHe3-18x110-NeutronSS-midx-IP6
/work/eic2/ECCE/MC/prop.4/prop.4.0/DiffractiveAndTagging/Djangoh/eHe3-18x166-NeutronSS-highx-IP6
/work/eic2/ECCE/MC/prop.4/prop.4.0/DiffractiveAndTagging/Djangoh/eHe3-18x166-NeutronSS-lowx-IP6
/work/eic2/ECCE/MC/prop.4/prop.4.0/DiffractiveAndTagging/Djangoh/eHe3-18x166-NeutronSS-midx-IP6
/work/eic2/ECCE/MC/prop.4/prop.4.0/DiffractiveAndTagging/Djangoh/eHe3-5x41-NeutronSS-highx-IP6
/work/eic2/ECCE/MC/prop.4/prop.4.0/DiffractiveAndTagging/Djangoh/eHe3-5x41-NeutronSS-midx-IP6
/work/eic2/ECCE/MC/prop.4/prop.4.0/DiffractiveAndTagging/EIC_mesonMC/ep-10x100-PiStruc-IP6
/work/eic2/ECCE/MC/prop.4/prop.4.0/DiffractiveAndTagging/EIC_mesonMC/ep-10x135-PiStruc-IP6
/work/eic2/ECCE/MC/prop.4/prop.4.0/DiffractiveAndTagging/EIC_mesonMC/ep-18x275-PiStruc-IP6
/work/eic2/ECCE/MC/prop.4/prop.4.0/DiffractiveAndTagging/EIC_mesonMC/ep-5x100-PiStruc-IP6
/work/eic2/ECCE/MC/prop.4/prop.4.0/DiffractiveAndTagging/EIC_mesonMC/ep-5x41-PiStruc-IP6
/work/eic2/ECCE/MC/prop.4/prop.4.0/DiffractiveAndTagging/elSpectro/ep-10x100-XYZ-twopi-IP6
/work/eic2/ECCE/MC/prop.4/prop.4.0/DiffractiveAndTagging/elSpectro/ep-18x275-XYZ-twopi-IP6
/work/eic2/ECCE/MC/prop.4/prop.4.0/DiffractiveAndTagging/elSpectro/ep-5x100-XYZ-IP6
/work/eic2/ECCE/MC/prop.4/prop.4.0/DiffractiveAndTagging/elSpectro/ep-5x100-XYZ-pi4-IP6
/work/eic2/ECCE/MC/prop.4/prop.4.0/DiffractiveAndTagging/elSpectro/ep-5x100-XYZ-twopi-IP6
/work/eic2/ECCE/MC/prop.4/prop.4.0/DiffractiveAndTagging/elSpectro/ep-5x41-XYZ-twopi-IP6
/work/eic2/ECCE/MC/prop.4/prop.4.0/DiffractiveAndTagging/eSTARlight/ep-18x275-upsilon-IP6
/work/eic2/ECCE/MC/prop.4/prop.4.0/DiffractiveAndTagging/eSTARlight/ep-5x41-uomega-Q2-0-1-IP6
/work/eic2/ECCE/MC/prop.4/prop.4.0/DiffractiveAndTagging/eSTARlight/ep-5x41-uomega-Q2-1-5-IP6
/work/eic2/ECCE/MC/prop.4/prop.4.0/DiffractiveAndTagging/Sartre/ePb-18x108-e-IP6
/work/eic2/ECCE/MC/prop.4/prop.4.0/DiffractiveAndTagging/Sartre/ePb-18x108-e-IP8
/work/eic2/ECCE/MC/prop.4/prop.4.0/DiffractiveAndTagging/Sartre/ePb-18x108-mu-IP6
/work/eic2/ECCE/MC/prop.4/prop.4.0/DiffractiveAndTagging/Sartre/ePb-18x108-mu-IP8
Output directory: /work/eic2/ECCE/MC/prop.4/prop.4.0/DiffractiveAndTagging/Sartre/ePb-18x108-e-IP6
Output directory: /work/eic2/ECCE/MC/prop.4/prop.4.0/DiffractiveAndTagging/Sartre/ePb-18x108-e-IP8
Output directory: /work/eic2/ECCE/MC/prop.4/prop.4.0/DiffractiveAndTagging/Sartre/ePb-18x108-mu-IP6
Output directory: /work/eic2/ECCE/MC/prop.4/prop.4.0/DiffractiveAndTagging/Sartre/ePb-18x108-mu-IP8
Output directory: /work/eic2/ECCE/MC/prop.4/prop.4.0/DiffractiveAndTagging/DEMP/ep-10x100-pionFF-IP6
Output directory: /work/eic2/ECCE/MC/prop.4/prop.4.0/DiffractiveAndTagging/DEMP/ep-5x100-pionFF-IP6
Output directory: /work/eic2/ECCE/MC/prop.4/prop.4.0/DiffractiveAndTagging/DEMP/ep-5x41-pionFF-IP6
Output directory: /work/eic2/ECCE/MC/prop.4/prop.4.0/DiffractiveAndTagging/Sartre/ePb-18x108-e-3T_field-IP6
Output directory: /work/eic2/ECCE/MC/prop.4/prop.4.0/DiffractiveAndTagging/Sartre/ePb-18x108-e-3T_field-IP8
Output directory: /work/eic2/ECCE/MC/prop.4/prop.4.0/DiffractiveAndTagging/Sartre/ePb-18x108-mu-3T_field-IP6
Output directory: /work/eic2/ECCE/MC/prop.4/prop.4.0/DiffractiveAndTagging/Sartre/ePb-18x108-mu-3T_field-IP8
Output directory: /work/eic2/ECCE/MC/prop.4/prop.4.0/DiffractiveAndTagging/Djangoh/eHe3-10x100-NeutronSS-q2-100-IP6
Output directory: /work/eic2/ECCE/MC/prop.4/prop.4.0/DiffractiveAndTagging/Djangoh/eHe3-10x100-NeutronSS-q2-100-IP6
Output directory: /work/eic2/ECCE/MC/prop.4/prop.4.0/DiffractiveAndTagging/Djangoh/eHe3-10x100-NeutronSS-q2-100-IP6
Output directory: /work/eic2/ECCE/MC/prop.4/prop.4.0/DiffractiveAndTagging/Djangoh/eHe3-10x100-NeutronSS-q2-100-IP6
Output directory: /work/eic2/ECCE/MC/prop.4/prop.4.0/DiffractiveAndTagging/Djangoh/eHe3-10x100-NeutronSS-q2-10-IP6
Output directory: /work/eic2/ECCE/MC/prop.4/prop.4.0/DiffractiveAndTagging/Djangoh/eHe3-10x100-NeutronSS-q2-2-IP6
Output directory: /work/eic2/ECCE/MC/prop.4/prop.4.0/DiffractiveAndTagging/Djangoh/eHe3-10x100-NeutronSS-q2-500-IP6
Output directory: /work/eic2/ECCE/MC/prop.4/prop.4.0/DiffractiveAndTagging/Djangoh/eHe3-10x100-NeutronSS-q2-100-IP6
Output directory: /work/eic2/ECCE/MC/prop.4/prop.4.0/DiffractiveAndTagging/Djangoh/eHe3-10x100-NeutronSS-q2-100-IP6
Output directory: /work/eic2/ECCE/MC/prop.4/prop.4.0/DiffractiveAndTagging/Djangoh/eHe3-10x100-NeutronSS-q2-10-IP6
Output directory: /work/eic2/ECCE/MC/prop.4/prop.4.0/DiffractiveAndTagging/Djangoh/eHe3-10x100-NeutronSS-q2-2-IP6
Output directory: /work/eic2/ECCE/MC/prop.4/prop.4.0/DiffractiveAndTagging/Djangoh/eHe3-10x100-NeutronSS-q2-500-IP6
Output directory: /work/eic2/ECCE/MC/prop.4/prop.4.0/DiffractiveAndTagging/Djangoh/eHe3-18x166-NeutronSS-q2-1000-IP6
Output directory: /work/eic2/ECCE/MC/prop.4/prop.4.0/DiffractiveAndTagging/Djangoh/eHe3-18x166-NeutronSS-q2-100-IP6
Output directory: /work/eic2/ECCE/MC/prop.4/prop.4.0/DiffractiveAndTagging/Djangoh/eHe3-18x166-NeutronSS-q2-10-IP6
Output directory: /work/eic2/ECCE/MC/prop.4/prop.4.0/DiffractiveAndTagging/Djangoh/eHe3-18x166-NeutronSS-q2-2-IP6
Output directory: /work/eic2/ECCE/MC/prop.4/prop.4.0/DiffractiveAndTagging/Djangoh/eHe3-5x41-NeutronSS-q2-10-IP6
Output directory: /work/eic2/ECCE/MC/prop.4/prop.4.0/DiffractiveAndTagging/Djangoh/eHe3-5x41-NeutronSS-q2-2-IP6
Output directory: /work/eic2/ECCE/MC/prop.4/prop.4.0/DiffractiveAndTagging/Djangoh/eHe3-5x41-NeutronSS-q2-50-IP6
Output directory: /work/eic2/ECCE/MC/prop.4/prop.4.0/DiffractiveAndTagging/DEMP/ep-10x100-pionFF-3T-IP6
Output directory: /work/eic2/ECCE/MC/prop.4/prop.4.0/DiffractiveAndTagging/DEMP/ep-5x41-pionFF-3T-IP6
Output directory: /work/eic2/ECCE/MC/prop.4/prop.4.0/DiffractiveAndTagging/DEMP/ep-10x100-pionFF-3T-IP6
Output directory: /work/eic2/ECCE/MC/prop.4/prop.4.0/DiffractiveAndTagging/DEMP/ep-5x100-pionFF-3T-IP6
Output directory: /work/eic2/ECCE/MC/prop.4/prop.4.0/DiffractiveAndTagging/DEMP/ep-5x41-pionFF-3T-IP6
Output directory: /work/eic2/ECCE/MC/prop.4/prop.4.0/DiffractiveAndTagging/DEMP/ep-10x100-pionFF-IP8
Output directory: /work/eic2/ECCE/MC/prop.4/prop.4.0/DiffractiveAndTagging/DEMP/ep-5x100-pionFF-IP8
Output directory: /work/eic2/ECCE/MC/prop.4/prop.4.0/DiffractiveAndTagging/DEMP/ep-5x41-pionFF-IP8
Output directory: /work/eic2/ECCE/MC/prop.4/prop.4.0/DiffractiveAndTagging/elSpectro/ep-10x100-XYZ-twopi-3T-IP6
Output directory: /work/eic2/ECCE/MC/prop.4/prop.4.0/DiffractiveAndTagging/elSpectro/ep-18x275-XYZ-twopi-3T-IP6
Output directory: /work/eic2/ECCE/MC/prop.4/prop.4.0/DiffractiveAndTagging/elSpectro/ep-5x100-XYZ-3T-IP6
Output directory: /work/eic2/ECCE/MC/prop.4/prop.4.0/DiffractiveAndTagging/elSpectro/ep-5x100-XYZ-pi4-3T-IP6
Output directory: /work/eic2/ECCE/MC/prop.4/prop.4.0/DiffractiveAndTagging/elSpectro/ep-10x100-XYZ-twopi-3T-IP6
Output directory: /work/eic2/ECCE/MC/prop.4/prop.4.0/DiffractiveAndTagging/elSpectro/ep-18x275-XYZ-twopi-3T-IP6
Output directory: /work/eic2/ECCE/MC/prop.4/prop.4.0/DiffractiveAndTagging/elSpectro/ep-5x100-XYZ-3T-IP6
Output directory: /work/eic2/ECCE/MC/prop.4/prop.4.0/DiffractiveAndTagging/elSpectro/ep-5x100-XYZ-pi4-3T-IP6
Output directory: /work/eic2/ECCE/MC/prop.4/prop.4.0/DiffractiveAndTagging/elSpectro/ep-5x100-XYZ-twopi-3T-IP6
Output directory: /work/eic2/ECCE/MC/prop.4/prop.4.0/DiffractiveAndTagging/elSpectro/ep-5x41-XYZ-twopi-3T-IP6
Output directory: /work/eic2/ECCE/MC/prop.4/prop.4.0/DiffractiveAndTagging/EIC_mesonMC/ep-10x100-PiStruc-noB0-IP6
Output directory: /work/eic2/ECCE/MC/prop.4/prop.4.0/DiffractiveAndTagging/EIC_mesonMC/ep-10x135-PiStruc-noB0-IP6
Output directory: /work/eic2/ECCE/MC/prop.4/prop.4.0/DiffractiveAndTagging/EIC_mesonMC/ep-18x275-PiStruc-noB0-IP6
Output directory: /work/eic2/ECCE/MC/prop.4/prop.4.0/DiffractiveAndTagging/EIC_mesonMC/ep-5x100-PiStruc-noB0-IP6
Output directory: /work/eic2/ECCE/MC/prop.4/prop.4.0/DiffractiveAndTagging/EIC_mesonMC/ep-5x41-PiStruc-noB0-IP6
Output directory: /work/eic2/ECCE/MC/prop.4/prop.4.0/DiffractiveAndTagging/BeAGLE/ePb-18x108-AllDiff-IP6
Output directory: /work/eic2/ECCE/MC/prop.4/prop.4.0/DiffractiveAndTagging/BeAGLE/ePb-18x108-AllDiff-IP8
Output directory: /work/eic2/ECCE/MC/prop.4/prop.4.0/DiffractiveAndTagging/BeAGLE/ePb-18x108-NonDiff-IP6
Output directory: /work/eic2/ECCE/MC/prop.4/prop.4.0/DiffractiveAndTagging/BeAGLE/ePb-18x108-NonDiff-IP8
Output directory: /work/eic2/ECCE/MC/prop.4/prop.4.0/DiffractiveAndTagging/BeAGLE/ePb-18x108-AllDiff-IP6
Output directory: /work/eic2/ECCE/MC/prop.4/prop.4.0/DiffractiveAndTagging/BeAGLE/ePb-18x108-AllDiff-IP8
Output directory: /work/eic2/ECCE/MC/prop.4/prop.4.0/DiffractiveAndTagging/BeAGLE/ePb-18x108-NonDiff-IP6
Output directory: /work/eic2/ECCE/MC/prop.4/prop.4.0/DiffractiveAndTagging/BeAGLE/ePb-18x108-NonDiff-IP8
Output directory: /work/eic2/ECCE/MC/prop.4/prop.4.0/DiffractiveAndTagging/BeAGLE/ePb-18x108-AllDiff-IP6
Output directory: /work/eic2/ECCE/MC/prop.4/prop.4.0/DiffractiveAndTagging/BeAGLE/ePb-18x108-AllDiff-IP8
Output directory: /work/eic2/ECCE/MC/prop.4/prop.4.0/DiffractiveAndTagging/BeAGLE/ePb-18x108-NonDiff-IP6
Output directory: /work/eic2/ECCE/MC/prop.4/prop.4.0/DiffractiveAndTagging/BeAGLE/ePb-18x108-NonDiff-IP8
Output directory: /work/eic2/ECCE/MC/prop.4/prop.4.0/DiffractiveAndTagging/EIC_mesonMC/ep-10x100-PiStruc-IP6
Output directory: /work/eic2/ECCE/MC/prop.4/prop.4.0/DiffractiveAndTagging/EIC_mesonMC/ep-10x100-PiStruc-noB0-IP6
Output directory: /work/eic2/ECCE/MC/prop.4/prop.4.0/DiffractiveAndTagging/EIC_mesonMC/ep-18x275-PiStruc-IP6
Output directory: /work/eic2/ECCE/MC/prop.4/prop.4.0/DiffractiveAndTagging/EIC_mesonMC/ep-18x275-PiStruc-noB0-IP6
Output directory: /work/eic2/ECCE/MC/prop.4/prop.4.0/DiffractiveAndTagging/EIC_mesonMC/ep-5x100-PiStruc-IP6
Output directory: /work/eic2/ECCE/MC/prop.4/prop.4.0/DiffractiveAndTagging/EIC_mesonMC/ep-5x100-PiStruc-noB0-IP6
Output directory: /work/eic2/ECCE/MC/prop.4/prop.4.0/DiffractiveAndTagging/EIC_mesonMC/ep-5x41-PiStruc-IP6
Output directory: /work/eic2/ECCE/MC/prop.4/prop.4.0/DiffractiveAndTagging/EIC_mesonMC/ep-5x41-PiStruc-noB0-IP6
Output directory: /work/eic2/ECCE/MC/prop.4/prop.4.0/DiffractiveAndTagging/EIC_mesonMC/ep-10x100-PiStruc-IP8
Output directory: /work/eic2/ECCE/MC/prop.4/prop.4.0/DiffractiveAndTagging/EIC_mesonMC/ep-18x275-PiStruc-IP8
Output directory: /work/eic2/ECCE/MC/prop.4/prop.4.0/DiffractiveAndTagging/EIC_mesonMC/ep-5x100-PiStruc-IP8
Output directory: /work/eic2/ECCE/MC/prop.4/prop.4.0/DiffractiveAndTagging/EIC_mesonMC/ep-5x41-PiStruc-IP8
Output directory: /work/eic2/ECCE/MC/prop.4/prop.4.0/DiffractiveAndTagging/BeAGLE/eAu-18x110-JPsi-e-IP6-nobeampipe
Output directory: /work/eic2/ECCE/MC/prop.4/prop.4.0/DiffractiveAndTagging/BeAGLE/eAu-18x110-JPsi-mu-IP6-nobeampipe
Output directory: /work/eic2/ECCE/MC/prop.4/prop.4.0/DiffractiveAndTagging/BeAGLE/ePb-18x108-AllDiff-IP6-nobeampipe
Output directory: /work/eic2/ECCE/MC/prop.4/prop.4.0/DiffractiveAndTagging/BeAGLE/ePb-18x108-JPsi-e-IP6-nobeampipe
Output directory: /work/eic2/ECCE/MC/prop.4/prop.4.0/DiffractiveAndTagging/BeAGLE/ePb-18x108-JPsi-mu-IP6-nobeampipe
Output directory: /work/eic2/ECCE/MC/prop.4/prop.4.0/DiffractiveAndTagging/BeAGLE/ePb-18x108-NonDiff-IP6-nobeampipe
Output directory: /work/eic2/ECCE/MC/prop.4/prop.4.0/DiffractiveAndTagging/BeAGLE/eZr-18x122-JPsi-e-IP6-nobeampipe
Output directory: /work/eic2/ECCE/MC/prop.4/prop.4.0/DiffractiveAndTagging/BeAGLE/eZr-18x122-JPsi-mu-IP6-nobeampipe
Output directory: /work/eic2/ECCE/MC/prop.4/prop.4.0/DiffractiveAndTagging/BeAGLE/eAu-18x110-JPsi-e-IP6-nobeampipe
Output directory: /work/eic2/ECCE/MC/prop.4/prop.4.0/DiffractiveAndTagging/BeAGLE/eAu-18x110-JPsi-mu-IP6-nobeampipe
Output directory: /work/eic2/ECCE/MC/prop.4/prop.4.0/DiffractiveAndTagging/BeAGLE/ePb-18x108-AllDiff-IP6-nobeampipe
Output directory: /work/eic2/ECCE/MC/prop.4/prop.4.0/DiffractiveAndTagging/BeAGLE/ePb-18x108-JPsi-e-IP6-nobeampipe
Output directory: /work/eic2/ECCE/MC/prop.4/prop.4.0/DiffractiveAndTagging/BeAGLE/ePb-18x108-JPsi-mu-IP6-nobeampipe
Output directory: /work/eic2/ECCE/MC/prop.4/prop.4.0/DiffractiveAndTagging/BeAGLE/ePb-18x108-NonDiff-IP6-nobeampipe
Output directory: /work/eic2/ECCE/MC/prop.4/prop.4.0/DiffractiveAndTagging/BeAGLE/eZr-18x122-JPsi-e-IP6-nobeampipe
Output directory: /work/eic2/ECCE/MC/prop.4/prop.4.0/DiffractiveAndTagging/BeAGLE/eZr-18x122-JPsi-mu-IP6-nobeampipe
Output directory: /work/eic2/ECCE/MC/prop.4/prop.4.0/DiffractiveAndTagging/Djangoh/eHe3-18x166-NeutronSS-highx-IP6
Output directory: /work/eic2/ECCE/MC/prop.4/prop.4.0/DiffractiveAndTagging/Djangoh/eHe3-18x166-NeutronSS-lowx-IP6
Output directory: /work/eic2/ECCE/MC/prop.4/prop.4.0/DiffractiveAndTagging/Djangoh/eHe3-18x166-NeutronSS-midx-IP6
Output directory: /work/eic2/ECCE/MC/prop.4/prop.4.0/DiffractiveAndTagging/Djangoh/eHe3-5x41-NeutronSS-highx-IP6
Output directory: /work/eic2/ECCE/MC/prop.4/prop.4.0/DiffractiveAndTagging/Djangoh/eHe3-5x41-NeutronSS-lowx-IP6
Output directory: /work/eic2/ECCE/MC/prop.4/prop.4.0/DiffractiveAndTagging/Djangoh/eHe3-5x41-NeutronSS-midx-IP6
Output directory: /work/eic2/ECCE/MC/prop.4/prop.4.0/DiffractiveAndTagging/Djangoh/eHe3-18x166-NeutronSS-highx-IP6
Output directory: /work/eic2/ECCE/MC/prop.4/prop.4.0/DiffractiveAndTagging/Djangoh/eHe3-18x166-NeutronSS-lowx-IP6
Output directory: /work/eic2/ECCE/MC/prop.4/prop.4.0/DiffractiveAndTagging/Djangoh/eHe3-18x166-NeutronSS-midx-IP6
Output directory: /work/eic2/ECCE/MC/prop.4/prop.4.0/DiffractiveAndTagging/Djangoh/eHe3-5x41-NeutronSS-highx-IP6
Output directory: /work/eic2/ECCE/MC/prop.4/prop.4.0/DiffractiveAndTagging/Djangoh/eHe3-5x41-NeutronSS-lowx-IP6
Output directory: /work/eic2/ECCE/MC/prop.4/prop.4.0/DiffractiveAndTagging/Djangoh/eHe3-5x41-NeutronSS-midx-IP6
Output directory: /work/eic2/ECCE/MC/prop.4/prop.4.0/DiffractiveAndTagging/Djangoh/eHe3-18x166-NeutronSS-highx-v2.2-IP6
Output directory: /work/eic2/ECCE/MC/prop.4/prop.4.0/DiffractiveAndTagging/Djangoh/eHe3-18x166-NeutronSS-lowx-v2.2-IP6
Output directory: /work/eic2/ECCE/MC/prop.4/prop.4.0/DiffractiveAndTagging/Djangoh/eHe3-18x166-NeutronSS-midx-v2.2-IP6
Output directory: /work/eic2/ECCE/MC/prop.4/prop.4.0/DiffractiveAndTagging/Djangoh/eHe3-5x41-NeutronSS-highx-v2.2-IP6
Output directory: /work/eic2/ECCE/MC/prop.4/prop.4.0/DiffractiveAndTagging/Djangoh/eHe3-5x41-NeutronSS-lowx-v2.2-IP6
Output directory: /work/eic2/ECCE/MC/prop.4/prop.4.0/DiffractiveAndTagging/Djangoh/eHe3-5x41-NeutronSS-midx-v2.2-IP6


Output directory: /work/eic2/ECCE/MC/prop.6/prop.4.0/DiffractiveAndTagging/Sartre/ePb-18x108-e-IP6
Output directory: /work/eic2/ECCE/MC/prop.6/prop.4.0/DiffractiveAndTagging/Sartre/ePb-18x108-e-IP8
Output directory: /work/eic2/ECCE/MC/prop.6/prop.4.0/DiffractiveAndTagging/Sartre/ePb-18x108-mu-IP6
Output directory: /work/eic2/ECCE/MC/prop.6/prop.4.0/DiffractiveAndTagging/Sartre/ePb-18x108-mu-IP8
Output directory: /work/eic2/ECCE/MC/prop.6/prop.6.0/DiffractiveAndTagging/Sartre/ePb-18x108-e-IP6
Output directory: /work/eic2/ECCE/MC/prop.6/prop.6.0/DiffractiveAndTagging/Sartre/ePb-18x108-e-IP8
Output directory: /work/eic2/ECCE/MC/prop.6/prop.6.0/DiffractiveAndTagging/Sartre/ePb-18x108-mu-IP6
Output directory: /work/eic2/ECCE/MC/prop.6/prop.6.0/DiffractiveAndTagging/Sartre/ePb-18x108-mu-IP8
Output directory: /work/eic2/ECCE/MC/prop.6/prop.6.0/DiffractiveAndTagging/BeAGLE/ePb-18x108-JPsi-e-IP6
Output directory: /work/eic2/ECCE/MC/prop.6/prop.6.0/DiffractiveAndTagging/BeAGLE/ePb-18x108-JPsi-e-IP8
Output directory: /work/eic2/ECCE/MC/prop.6/prop.6.0/DiffractiveAndTagging/BeAGLE/ePb-18x108-JPsi-mu-IP6
Output directory: /work/eic2/ECCE/MC/prop.6/prop.6.0/DiffractiveAndTagging/BeAGLE/ePb-18x108-JPsi-mu-IP8
Output directory: /work/eic2/ECCE/MC/prop.7/prop.7.0/DiffractiveAndTagging/BeAGLE/ePb-18x108-JPsi-e-IP6
Output directory: /work/eic2/ECCE/MC/prop.7/prop.7.0/DiffractiveAndTagging/BeAGLE/ePb-18x108-JPsi-e-IP8
Output directory: /work/eic2/ECCE/MC/prop.7/prop.7.0/DiffractiveAndTagging/BeAGLE/ePb-18x108-JPsi-mu-IP6
Output directory: /work/eic2/ECCE/MC/prop.7/prop.7.0/DiffractiveAndTagging/BeAGLE/ePb-18x108-JPsi-mu-IP8
Output directory: /work/eic2/ECCE/MC/prop.7/prop.7.0/DiffractiveAndTagging/Sartre/ePb-18x108-e-IP6
Output directory: /work/eic2/ECCE/MC/prop.7/prop.7.0/DiffractiveAndTagging/Sartre/ePb-18x108-e-IP8
Output directory: /work/eic2/ECCE/MC/prop.7/prop.7.0/DiffractiveAndTagging/Sartre/ePb-18x108-mu-IP6
Output directory: /work/eic2/ECCE/MC/prop.7/prop.7.0/DiffractiveAndTagging/Sartre/ePb-18x108-mu-IP8
Output directory: /work/eic2/ECCE/MC/new/prop.7.0/DiffractiveAndTagging/pythia6/ep-18x100-XYZ-BG-IP6
Output directory: /work/eic2/ECCE/MC/new/prop.7.0/DiffractiveAndTagging/pythia6/ep-5x100-XYZ-BG-IP6
Output directory: /work/eic2/ECCE/MC/new/prop.7.0/DiffractiveAndTagging/pythia6/ep-18x100-XYZ-BG-IP6
Output directory: /work/eic2/ECCE/MC/new/prop.7.0/DiffractiveAndTagging/pythia6/ep-18x275-XYZ-BG-IP6
Output directory: /work/eic2/ECCE/MC/new/prop.7.0/DiffractiveAndTagging/pythia6/ep-5x100-XYZ-BG-IP6
Output directory: /work/eic2/ECCE/MC/new/prop.7.0/DiffractiveAndTagging/pythia6/ep-5x41-XYZ-BG-IP6
Output directory: /work/eic2/ECCE/MC/prop.7/prop.7.1/DiffractiveAndTagging/BeAGLE/ePb-18x108-JPsi-e-eA-IP6
Output directory: /work/eic2/ECCE/MC/new/prop.7.1/DiffractiveAndTagging/BeAGLE/ePb-18x108-JPsi-mu-eA-IP6
Output directory: /work/eic2/ECCE/MC/new/prop.7.1/DiffractiveAndTagging/Sartre/ePb-18x108-JPsi-e-eA-IP6
Output directory: /work/eic2/ECCE/MC/new/prop.7.1/DiffractiveAndTagging/Sartre/ePb-18x108-JPsi-mu-eA-IP6
Output directory: /work/eic2/ECCE/MC/new/prop.7.1/DiffractiveAndTagging/BeAGLE/ePb-18x108-JPsi-e-eA-IP6
Output directory: /work/eic2/ECCE/MC/new/prop.7.1/DiffractiveAndTagging/BeAGLE/ePb-18x108-JPsi-mu-eA-IP6
Output directory: /work/eic2/ECCE/MC/new/prop.7.1/DiffractiveAndTagging/Sartre/ePb-18x108-JPsi-e-eA-IP6
Output directory: /work/eic2/ECCE/MC/new/prop.7.1/DiffractiveAndTagging/Sartre/ePb-18x108-JPsi-mu-eA-IP6
/work/eic2/ECCE/MC/new/prop.7.1/DiffractiveAndTagging/BeAGLE/ePb-18x108-JPsi-e-eA-hi_acc-IP6
/work/eic2/ECCE/MC/new/prop.7.1/DiffractiveAndTagging/BeAGLE/ePb-18x108-JPsi-e-eA-hi_div-IP6
/work/eic2/ECCE/MC/new/prop.7.1/DiffractiveAndTagging/BeAGLE/ePb-18x108-JPsi-mu-eA-hi_acc-IP6
/work/eic2/ECCE/MC/new/prop.7.1/DiffractiveAndTagging/BeAGLE/ePb-18x108-JPsi-mu-eA-hi_div-IP6
/work/eic2/ECCE/MC/new/prop.7.1/DiffractiveAndTagging/Sartre/ePb-18x108-JPsi-e-eA-hi_div-IP6
/work/eic2/ECCE/MC/new/prop.7.1/DiffractiveAndTagging/Sartre/ePb-18x108-JPsi-mu-eA-hi_acc-IP6
/work/eic2/ECCE/MC/new/prop.7.1/DiffractiveAndTagging/Sartre/ePb-18x108-JPsi-mu-eA-hi_div-IP6
/work/eic2/ECCE/MC/new/prop.7.1/DiffractiveAndTagging/BeAGLE/ePb-18x108-JPsi-e-eA-hi_acc-IP6
/work/eic2/ECCE/MC/new/prop.7.1/DiffractiveAndTagging/BeAGLE/ePb-18x108-JPsi-e-eA-hi_div-IP6
/work/eic2/ECCE/MC/new/prop.7.1/DiffractiveAndTagging/BeAGLE/ePb-18x108-JPsi-mu-eA-hi_acc-IP6
/work/eic2/ECCE/MC/new/prop.7.1/DiffractiveAndTagging/BeAGLE/ePb-18x108-JPsi-mu-eA-hi_div-IP6
/work/eic2/ECCE/MC/new/prop.7.1/DiffractiveAndTagging/Sartre/ePb-18x108-JPsi-e-eA-hi_acc-IP6
/work/eic2/ECCE/MC/new/prop.7.1/DiffractiveAndTagging/Sartre/ePb-18x108-JPsi-e-eA-hi_div-IP6
/work/eic2/ECCE/MC/new/prop.7.1/DiffractiveAndTagging/Sartre/ePb-18x108-JPsi-mu-eA-hi_acc-IP6
/work/eic2/ECCE/MC/new/prop.7.1/DiffractiveAndTagging/Sartre/ePb-18x108-JPsi-mu-eA-hi_div-IP6
/work/eic2/ECCE/MC/new/prop.7.1/DiffractiveAndTagging/Djangoh/eHe3-18x166-NeutronSS-highx-v2.2-hi_acc-IP6
/work/eic2/ECCE/MC/new/prop.7.1/DiffractiveAndTagging/Djangoh/eHe3-18x166-NeutronSS-highx-v2.2-hi_div-IP6
/work/eic2/ECCE/MC/new/prop.7.1/DiffractiveAndTagging/Djangoh/eHe3-18x166-NeutronSS-lowx-v2.2-hi_acc-IP6
/work/eic2/ECCE/MC/new/prop.7.1/DiffractiveAndTagging/Djangoh/eHe3-18x166-NeutronSS-lowx-v2.2-hi_div-IP6
/work/eic2/ECCE/MC/new/prop.7.1/DiffractiveAndTagging/Djangoh/eHe3-18x166-NeutronSS-midx-v2.2-hi_acc-IP6
/work/eic2/ECCE/MC/new/prop.7.1/DiffractiveAndTagging/Djangoh/eHe3-18x166-NeutronSS-midx-v2.2-hi_div-IP6
/work/eic2/ECCE/MC/new/prop.7.1/DiffractiveAndTagging/Djangoh/eHe3-5x41-NeutronSS-highx-v2.2-hi_acc-IP6
/work/eic2/ECCE/MC/new/prop.7.1/DiffractiveAndTagging/Djangoh/eHe3-5x41-NeutronSS-highx-v2.2-hi_div-IP6
/work/eic2/ECCE/MC/new/prop.7.1/DiffractiveAndTagging/Djangoh/eHe3-5x41-NeutronSS-lowx-v2.2-hi_acc-IP6
/work/eic2/ECCE/MC/new/prop.7.1/DiffractiveAndTagging/Djangoh/eHe3-5x41-NeutronSS-lowx-v2.2-hi_div-IP6
/work/eic2/ECCE/MC/new/prop.7.1/DiffractiveAndTagging/Djangoh/eHe3-5x41-NeutronSS-midx-v2.2-hi_acc-IP6
/work/eic2/ECCE/MC/new/prop.7.1/DiffractiveAndTagging/Djangoh/eHe3-5x41-NeutronSS-midx-v2.2-hi_div-IP6
/work/eic2/ECCE/MC/new/prop.7.1/DiffractiveAndTagging/elSpectro/ep-18x275-XYZ-twopi-hi_acc-IP6
/work/eic2/ECCE/MC/new/prop.7.1/DiffractiveAndTagging/elSpectro/ep-18x275-XYZ-twopi-hi_div-IP6
/work/eic2/ECCE/MC/new/prop.7.1/DiffractiveAndTagging/elSpectro/ep-5x100-XYZ-pi4-hi_acc-IP6
/work/eic2/ECCE/MC/new/prop.7.1/DiffractiveAndTagging/elSpectro/ep-5x100-XYZ-pi4-hi_div-IP6
/work/eic2/ECCE/MC/new/prop.7.1/DiffractiveAndTagging/elSpectro/ep-5x100-XYZ-twopi-hi_acc-IP6
/work/eic2/ECCE/MC/new/prop.7.1/DiffractiveAndTagging/elSpectro/ep-5x100-XYZ-twopi-hi_div-IP6
/work/eic2/ECCE/MC/new/prop.7.1/DiffractiveAndTagging/Sartre/eAu-10x100-incoh_JPsi_1_20-Xinbai-eA-IP6
/work/eic2/ECCE/MC/new/prop.7.1/DiffractiveAndTagging/Sartre/eAu-10x100-incoh_JPsi_1e-2_20-Xinbai-eA-IP6
/work/eic2/ECCE/MC/new/prop.7.1/DiffractiveAndTagging/Sartre/ep-10x100-coh_JPsi_1_20-Xinbai-hi_acc-IP6
/work/eic2/ECCE/MC/new/prop.7.1/DiffractiveAndTagging/Sartre/ep-10x100-coh_JPsi_1_20-Xinbai-hi_div-IP6
/work/eic2/ECCE/MC/new/prop.7.1/DiffractiveAndTagging/Sartre/ep-10x100-coh_JPsi_1e-2_20-Xinbai-hi_acc-IP6
/work/eic2/ECCE/MC/new/prop.7.1/DiffractiveAndTagging/Sartre/ep-10x100-coh_JPsi_1e-2_20-Xinbai-hi_div-IP6
/work/eic2/ECCE/MC/ana.57/prop.7.1/DiffractiveAndTagging/Sartre/eAu-10x100-incoh_JPsi_1_20-Xinbai-eA-IP6
/work/eic2/ECCE/MC/ana.57/prop.7.1/DiffractiveAndTagging/Sartre/eAu-10x100-incoh_JPsi_1e-2_20-Xinbai-eA-IP6
/work/eic2/ECCE/MC/ana.57/prop.7.1/DiffractiveAndTagging/Sartre/eAu-5x41-incoh_JPsi_1_20-Xinbai-eA-IP6
/work/eic2/ECCE/MC/ana.57/prop.7.1/DiffractiveAndTagging/Sartre/eAu-5x41-incoh_JPsi_1e-2_20-Xinbai-eA-IP6
/work/eic2/ECCE/MC/ana.57/prop.7.1/DiffractiveAndTagging/Sartre/ep-10x100-coh_JPsi_1_20-Xinbai-hi_acc-IP6
/work/eic2/ECCE/MC/ana.57/prop.7.1/DiffractiveAndTagging/Sartre/ep-10x100-coh_JPsi_1_20-Xinbai-hi_div-IP6
/work/eic2/ECCE/MC/ana.57/prop.7.1/DiffractiveAndTagging/Sartre/ep-10x100-coh_JPsi_1e-2_20-Xinbai-hi_acc-IP6
/work/eic2/ECCE/MC/ana.57/prop.7.1/DiffractiveAndTagging/Sartre/ep-10x100-coh_JPsi_1e-2_20-Xinbai-hi_div-IP6
/work/eic2/ECCE/MC/ana.57/prop.7.1/DiffractiveAndTagging/Sartre/ep-10x100-JPsi_1_20-Xinbai-hi_acc-IP6
/work/eic2/ECCE/MC/ana.57/prop.7.1/DiffractiveAndTagging/Sartre/ep-10x100-JPsi_1_20-Xinbai-hi_div-IP6
/work/eic2/ECCE/MC/ana.57/prop.7.1/DiffractiveAndTagging/Sartre/ep-10x100-JPsi_1e-2_1-Xinbai-hi_acc-IP6
/work/eic2/ECCE/MC/ana.57/prop.7.1/DiffractiveAndTagging/Sartre/ep-10x100-JPsi_1e-2_1-Xinbai-hi_div-IP6
/work/eic2/ECCE/MC/ana.57/prop.7.1/DiffractiveAndTagging/Sartre/ep-5x41-JPsi_1_20-Xinbai-hi_acc-IP6
/work/eic2/ECCE/MC/ana.57/prop.7.1/DiffractiveAndTagging/Sartre/ep-5x41-JPsi_1_20-Xinbai-hi_div-IP6
/work/eic2/ECCE/MC/ana.57/prop.7.1/DiffractiveAndTagging/Sartre/ep-5x41-JPsi_1e-2_1-Xinbai-hi_acc-IP6
/work/eic2/ECCE/MC/ana.57/prop.7.1/DiffractiveAndTagging/Sartre/ep-5x41-JPsi_1e-2_1-Xinbai-hi_div-IP6
/work/eic2/ECCE/MC/ana.57/prop.7.1/DiffractiveAndTagging/BeAGLE/ep-10x100-JPsi_1_20-Xinbai-hi_acc-IP6
/work/eic2/ECCE/MC/ana.57/prop.7.1/DiffractiveAndTagging/BeAGLE/ep-10x100-JPsi_1_20-Xinbai-hi_div-IP6
/work/eic2/ECCE/MC/ana.57/prop.7.1/DiffractiveAndTagging/BeAGLE/ep-10x100-JPsi_1e-2_1-Xinbai-hi_acc-IP6
/work/eic2/ECCE/MC/ana.57/prop.7.1/DiffractiveAndTagging/BeAGLE/ep-10x100-JPsi_1e-2_1-Xinbai-hi_div-IP6
/work/eic2/ECCE/MC/ana.57/prop.7.1/DiffractiveAndTagging/BeAGLE/ep-5x41-JPsi_1_20-Xinbai-hi_acc-IP6
/work/eic2/ECCE/MC/ana.57/prop.7.1/DiffractiveAndTagging/BeAGLE/ep-5x41-JPsi_1_20-Xinbai-hi_div-IP6
/work/eic2/ECCE/MC/ana.57/prop.7.1/DiffractiveAndTagging/BeAGLE/ep-5x41-JPsi_1e-2_1-Xinbai-hi_acc-IP6
/work/eic2/ECCE/MC/ana.57/prop.7.1/DiffractiveAndTagging/BeAGLE/ep-5x41-JPsi_1e-2_1-Xinbai-hi_div-IP6
/work/eic2/ECCE/MC/ana.57/prop.7.1/DiffractiveAndTagging/Sartre/eAu-10x100-incoh_JPsi_1_20-Xinbai-eA-IP6
/work/eic2/ECCE/MC/ana.57/prop.7.1/DiffractiveAndTagging/Sartre/eAu-10x100-incoh_JPsi_1e-2_20-Xinbai-eA-IP6
/work/eic2/ECCE/MC/ana.57/prop.7.1/DiffractiveAndTagging/Sartre/eAu-5x41-incoh_JPsi_1_20-Xinbai-eA-IP6
/work/eic2/ECCE/MC/ana.57/prop.7.1/DiffractiveAndTagging/Sartre/eAu-5x41-incoh_JPsi_1e-2_20-Xinbai-eA-IP6
/work/eic2/ECCE/MC/ana.57/prop.7.1/DiffractiveAndTagging/Sartre/ep-10x100-coh_JPsi_1_20-Xinbai-hi_acc-IP6
/work/eic2/ECCE/MC/ana.57/prop.7.1/DiffractiveAndTagging/Sartre/ep-10x100-coh_JPsi_1_20-Xinbai-hi_div-IP6
/work/eic2/ECCE/MC/ana.57/prop.7.1/DiffractiveAndTagging/Sartre/ep-10x100-coh_JPsi_1e-2_20-Xinbai-hi_acc-IP6
/work/eic2/ECCE/MC/ana.57/prop.7.1/DiffractiveAndTagging/Sartre/ep-10x100-coh_JPsi_1e-2_20-Xinbai-hi_div-IP6
/work/eic2/ECCE/MC/ana.57/prop.7.1/DiffractiveAndTagging/Sartre/ep-10x100-JPsi_1_20-Xinbai-hi_acc-IP6
/work/eic2/ECCE/MC/ana.57/prop.7.1/DiffractiveAndTagging/Sartre/ep-10x100-JPsi_1_20-Xinbai-hi_div-IP6
/work/eic2/ECCE/MC/ana.57/prop.7.1/DiffractiveAndTagging/Sartre/ep-10x100-JPsi_1e-2_1-Xinbai-hi_acc-IP6
/work/eic2/ECCE/MC/ana.57/prop.7.1/DiffractiveAndTagging/Sartre/ep-10x100-JPsi_1e-2_1-Xinbai-hi_div-IP6
/work/eic2/ECCE/MC/ana.57/prop.7.1/DiffractiveAndTagging/Sartre/ep-5x41-JPsi_1_20-Xinbai-hi_acc-IP6
/work/eic2/ECCE/MC/ana.57/prop.7.1/DiffractiveAndTagging/Sartre/ep-5x41-JPsi_1_20-Xinbai-hi_div-IP6
/work/eic2/ECCE/MC/ana.57/prop.7.1/DiffractiveAndTagging/Sartre/ep-5x41-JPsi_1e-2_1-Xinbai-hi_acc-IP6
/work/eic2/ECCE/MC/ana.57/prop.7.1/DiffractiveAndTagging/Sartre/ep-5x41-JPsi_1e-2_1-Xinbai-hi_div-IP6
/work/eic2/ECCE/MC/ana.57/prop.7.1/DiffractiveAndTagging/BeAGLE/eAu-10x100-JPsi_1_20-Xinbai-eA-IP6
/work/eic2/ECCE/MC/ana.57/prop.7.1/DiffractiveAndTagging/BeAGLE/eAu-10x100-JPsi_1e-2_1-Xinbai-eA-IP6
/work/eic2/ECCE/MC/ana.57/prop.7.1/DiffractiveAndTagging/BeAGLE/eAu-5x41-JPsi_1_20-Xinbai-eA-IP6
/work/eic2/ECCE/MC/ana.57/prop.7.1/DiffractiveAndTagging/BeAGLE/eAu-5x41-JPsi_1e-2_1-Xinbai-eA-IP6
/work/eic2/ECCE/MC/ana.57/prop.7.1/DiffractiveAndTagging/BeAGLE/ep-10x100-JPsi_1_20-Xinbai-hi_acc-IP6
/work/eic2/ECCE/MC/ana.57/prop.7.1/DiffractiveAndTagging/BeAGLE/ep-10x100-JPsi_1_20-Xinbai-hi_div-IP6
/work/eic2/ECCE/MC/ana.57/prop.7.1/DiffractiveAndTagging/BeAGLE/ep-10x100-JPsi_1e-2_1-Xinbai-hi_acc-IP6
/work/eic2/ECCE/MC/ana.57/prop.7.1/DiffractiveAndTagging/BeAGLE/ep-10x100-JPsi_1e-2_1-Xinbai-hi_div-IP6
/work/eic2/ECCE/MC/ana.57/prop.7.1/DiffractiveAndTagging/BeAGLE/ep-5x41-JPsi_1_20-Xinbai-hi_acc-IP6
/work/eic2/ECCE/MC/ana.57/prop.7.1/DiffractiveAndTagging/BeAGLE/ep-5x41-JPsi_1_20-Xinbai-hi_div-IP6
/work/eic2/ECCE/MC/ana.57/prop.7.1/DiffractiveAndTagging/BeAGLE/ep-5x41-JPsi_1e-2_1-Xinbai-hi_acc-IP6
/work/eic2/ECCE/MC/ana.57/prop.7.1/DiffractiveAndTagging/BeAGLE/ep-5x41-JPsi_1e-2_1-Xinbai-hi_div-IP6
/work/eic2/ECCE/MC/ana.57/prop.7.1/DiffractiveAndTagging/Sartre/eAu-10x100-incoh_JPsi_1_20-Xinbai-eA-IP6
/work/eic2/ECCE/MC/ana.57/prop.7.1/DiffractiveAndTagging/Sartre/eAu-10x100-incoh_JPsi_1e-2_20-Xinbai-eA-IP6
/work/eic2/ECCE/MC/ana.57/prop.7.1/DiffractiveAndTagging/Sartre/eAu-5x41-incoh_JPsi_1_20-Xinbai-eA-IP6
/work/eic2/ECCE/MC/ana.57/prop.7.1/DiffractiveAndTagging/Sartre/eAu-5x41-incoh_JPsi_1e-2_20-Xinbai-eA-IP6
/work/eic2/ECCE/MC/ana.57/prop.7.1/DiffractiveAndTagging/Sartre/ep-10x100-coh_JPsi_1_20-Xinbai-hi_acc-IP6
/work/eic2/ECCE/MC/ana.57/prop.7.1/DiffractiveAndTagging/Sartre/ep-10x100-coh_JPsi_1_20-Xinbai-hi_div-IP6
/work/eic2/ECCE/MC/ana.57/prop.7.1/DiffractiveAndTagging/Sartre/ep-10x100-coh_JPsi_1e-2_20-Xinbai-hi_acc-IP6
/work/eic2/ECCE/MC/ana.57/prop.7.1/DiffractiveAndTagging/Sartre/ep-10x100-coh_JPsi_1e-2_20-Xinbai-hi_div-IP6
/work/eic2/ECCE/MC/ana.57/prop.7.1/DiffractiveAndTagging/Sartre/ep-10x100-JPsi_1_20-Xinbai-hi_acc-IP6
/work/eic2/ECCE/MC/ana.57/prop.7.1/DiffractiveAndTagging/Sartre/ep-10x100-JPsi_1_20-Xinbai-hi_div-IP6
/work/eic2/ECCE/MC/ana.57/prop.7.1/DiffractiveAndTagging/Sartre/ep-10x100-JPsi_1e-2_1-Xinbai-hi_acc-IP6
/work/eic2/ECCE/MC/ana.57/prop.7.1/DiffractiveAndTagging/Sartre/ep-10x100-JPsi_1e-2_1-Xinbai-hi_div-IP6
/work/eic2/ECCE/MC/ana.57/prop.7.1/DiffractiveAndTagging/Sartre/ep-5x41-JPsi_1_20-Xinbai-hi_acc-IP6
/work/eic2/ECCE/MC/ana.57/prop.7.1/DiffractiveAndTagging/Sartre/ep-5x41-JPsi_1_20-Xinbai-hi_div-IP6
/work/eic2/ECCE/MC/ana.57/prop.7.1/DiffractiveAndTagging/Sartre/ep-5x41-JPsi_1e-2_1-Xinbai-hi_acc-IP6
/work/eic2/ECCE/MC/ana.57/prop.7.1/DiffractiveAndTagging/Sartre/ep-5x41-JPsi_1e-2_1-Xinbai-hi_div-IP6
/work/eic2/ECCE/MC/ana.57/prop.7.1/DiffractiveAndTagging/BeAGLE/eAu-10x100-JPsi_1_20-Xinbai-eA-IP6
/work/eic2/ECCE/MC/ana.57/prop.7.1/DiffractiveAndTagging/BeAGLE/eAu-10x100-JPsi_1e-2_1-Xinbai-eA-IP6
/work/eic2/ECCE/MC/ana.57/prop.7.1/DiffractiveAndTagging/BeAGLE/eAu-5x41-JPsi_1_20-Xinbai-eA-IP6
/work/eic2/ECCE/MC/ana.57/prop.7.1/DiffractiveAndTagging/BeAGLE/eAu-5x41-JPsi_1e-2_1-Xinbai-eA-IP6
/work/eic2/ECCE/MC/ana.57/prop.7.1/DiffractiveAndTagging/BeAGLE/ep-10x100-JPsi_1_20-Xinbai-hi_acc-IP6
/work/eic2/ECCE/MC/ana.57/prop.7.1/DiffractiveAndTagging/BeAGLE/ep-10x100-JPsi_1_20-Xinbai-hi_div-IP6
/work/eic2/ECCE/MC/ana.57/prop.7.1/DiffractiveAndTagging/BeAGLE/ep-10x100-JPsi_1e-2_1-Xinbai-hi_acc-IP6
/work/eic2/ECCE/MC/ana.57/prop.7.1/DiffractiveAndTagging/BeAGLE/ep-10x100-JPsi_1e-2_1-Xinbai-hi_div-IP6
/work/eic2/ECCE/MC/ana.57/prop.7.1/DiffractiveAndTagging/BeAGLE/ep-5x41-JPsi_1_20-Xinbai-hi_acc-IP6
/work/eic2/ECCE/MC/ana.57/prop.7.1/DiffractiveAndTagging/BeAGLE/ep-5x41-JPsi_1_20-Xinbai-hi_div-IP6
/work/eic2/ECCE/MC/ana.57/prop.7.1/DiffractiveAndTagging/BeAGLE/ep-5x41-JPsi_1e-2_1-Xinbai-hi_acc-IP6
/work/eic2/ECCE/MC/ana.57/prop.7.1/DiffractiveAndTagging/BeAGLE/ep-5x41-JPsi_1e-2_1-Xinbai-hi_div-IP6
/work/eic2/ECCE/MC/ana.57/prop.7.1/DiffractiveAndTagging/Sartre/eAu-10x100-incoh_JPsi_1_20-Xinbai-eA-IP6
/work/eic2/ECCE/MC/ana.57/prop.7.1/DiffractiveAndTagging/Sartre/eAu-10x100-incoh_JPsi_1e-2_20-Xinbai-eA-IP6
/work/eic2/ECCE/MC/ana.57/prop.7.1/DiffractiveAndTagging/Sartre/eAu-5x41-incoh_JPsi_1_20-Xinbai-eA-IP6
/work/eic2/ECCE/MC/ana.57/prop.7.1/DiffractiveAndTagging/Sartre/eAu-5x41-incoh_JPsi_1e-2_20-Xinbai-eA-IP6
/work/eic2/ECCE/MC/ana.57/prop.7.1/DiffractiveAndTagging/Sartre/ep-10x100-coh_JPsi_1_20-Xinbai-hi_acc-IP6
/work/eic2/ECCE/MC/ana.57/prop.7.1/DiffractiveAndTagging/Sartre/ep-10x100-coh_JPsi_1_20-Xinbai-hi_div-IP6
/work/eic2/ECCE/MC/ana.57/prop.7.1/DiffractiveAndTagging/Sartre/ep-10x100-coh_JPsi_1e-2_20-Xinbai-hi_acc-IP6
/work/eic2/ECCE/MC/ana.57/prop.7.1/DiffractiveAndTagging/Sartre/ep-10x100-coh_JPsi_1e-2_20-Xinbai-hi_div-IP6
/work/eic2/ECCE/MC/ana.57/prop.7.1/DiffractiveAndTagging/Sartre/ep-10x100-JPsi_1_20-Xinbai-hi_acc-IP6
/work/eic2/ECCE/MC/ana.57/prop.7.1/DiffractiveAndTagging/Sartre/ep-10x100-JPsi_1_20-Xinbai-hi_div-IP6
/work/eic2/ECCE/MC/ana.57/prop.7.1/DiffractiveAndTagging/Sartre/ep-10x100-JPsi_1e-2_1-Xinbai-hi_acc-IP6
/work/eic2/ECCE/MC/ana.57/prop.7.1/DiffractiveAndTagging/Sartre/ep-10x100-JPsi_1e-2_1-Xinbai-hi_div-IP6
/work/eic2/ECCE/MC/ana.57/prop.7.1/DiffractiveAndTagging/Sartre/ep-5x41-JPsi_1_20-Xinbai-hi_acc-IP6
/work/eic2/ECCE/MC/ana.57/prop.7.1/DiffractiveAndTagging/Sartre/ep-5x41-JPsi_1_20-Xinbai-hi_div-IP6
/work/eic2/ECCE/MC/ana.57/prop.7.1/DiffractiveAndTagging/Sartre/ep-5x41-JPsi_1e-2_1-Xinbai-hi_acc-IP6
/work/eic2/ECCE/MC/ana.57/prop.7.1/DiffractiveAndTagging/Sartre/ep-5x41-JPsi_1e-2_1-Xinbai-hi_div-IP6
