/w/eic-scshelf2104/users/billlee/productions/submissionFiles/ExclusiveReactions/MILOU3D/ep-10x100-DVCS-BH-hi_acc-IP6/slurmJobs/submitJobs.sh
/w/eic-scshelf2104/users/billlee/productions/submissionFiles/ExclusiveReactions/MILOU3D/ep-10x100-DVCS-BH-hi_acc-IP8/slurmJobs/submitJobs.sh
/w/eic-scshelf2104/users/billlee/productions/submissionFiles/ExclusiveReactions/MILOU3D/ep-10x100-DVCS-BH-hi_div-IP6/slurmJobs/submitJobs.sh
/w/eic-scshelf2104/users/billlee/productions/submissionFiles/ExclusiveReactions/MILOU3D/ep-10x100-DVCS-BH-hi_div-IP8/slurmJobs/submitJobs.sh
/w/eic-scshelf2104/users/billlee/productions/submissionFiles/ExclusiveReactions/MILOU3D/ep-10x100-DVCS-Full-hi_acc-IP6/slurmJobs/submitJobs.sh
/w/eic-scshelf2104/users/billlee/productions/submissionFiles/ExclusiveReactions/MILOU3D/ep-10x100-DVCS-Full-hi_acc-IP8/slurmJobs/submitJobs.sh
/w/eic-scshelf2104/users/billlee/productions/submissionFiles/ExclusiveReactions/MILOU3D/ep-10x100-DVCS-Full-hi_div-IP6/slurmJobs/submitJobs.sh
/w/eic-scshelf2104/users/billlee/productions/submissionFiles/ExclusiveReactions/MILOU3D/ep-10x100-DVCS-Full-hi_div-IP8/slurmJobs/submitJobs.sh
/w/eic-scshelf2104/users/billlee/productions/submissionFiles/ExclusiveReactions/MILOU3D/ep-10x100-DVCS-hi_acc-IP6/slurmJobs/submitJobs.sh
/w/eic-scshelf2104/users/billlee/productions/submissionFiles/ExclusiveReactions/MILOU3D/ep-10x100-DVCS-hi_acc-IP8/slurmJobs/submitJobs.sh
/w/eic-scshelf2104/users/billlee/productions/submissionFiles/ExclusiveReactions/MILOU3D/ep-10x100-DVCS-hi_div-IP6/slurmJobs/submitJobs.sh
/w/eic-scshelf2104/users/billlee/productions/submissionFiles/ExclusiveReactions/MILOU3D/ep-10x100-DVCS-hi_div-IP8/slurmJobs/submitJobs.sh
/w/eic-scshelf2104/users/billlee/productions/submissionFiles/ExclusiveReactions/MILOU3D/ep-18x275-DVCS-BH-hi_acc-IP6/slurmJobs/submitJobs.sh
/w/eic-scshelf2104/users/billlee/productions/submissionFiles/ExclusiveReactions/MILOU3D/ep-18x275-DVCS-BH-hi_acc-IP8/slurmJobs/submitJobs.sh
/w/eic-scshelf2104/users/billlee/productions/submissionFiles/ExclusiveReactions/MILOU3D/ep-18x275-DVCS-BH-hi_div-IP6/slurmJobs/submitJobs.sh
/w/eic-scshelf2104/users/billlee/productions/submissionFiles/ExclusiveReactions/MILOU3D/ep-18x275-DVCS-BH-hi_div-IP8/slurmJobs/submitJobs.sh
/w/eic-scshelf2104/users/billlee/productions/submissionFiles/ExclusiveReactions/MILOU3D/ep-18x275-DVCS-Full-hi_acc-IP6/slurmJobs/submitJobs.sh
/w/eic-scshelf2104/users/billlee/productions/submissionFiles/ExclusiveReactions/MILOU3D/ep-18x275-DVCS-Full-hi_acc-IP8/slurmJobs/submitJobs.sh
/w/eic-scshelf2104/users/billlee/productions/submissionFiles/ExclusiveReactions/MILOU3D/ep-18x275-DVCS-Full-hi_div-IP6/slurmJobs/submitJobs.sh
/w/eic-scshelf2104/users/billlee/productions/submissionFiles/ExclusiveReactions/MILOU3D/ep-18x275-DVCS-Full-hi_div-IP8/slurmJobs/submitJobs.sh
/w/eic-scshelf2104/users/billlee/productions/submissionFiles/ExclusiveReactions/MILOU3D/ep-18x275-DVCS-hi_acc-IP6/slurmJobs/submitJobs.sh
/w/eic-scshelf2104/users/billlee/productions/submissionFiles/ExclusiveReactions/MILOU3D/ep-18x275-DVCS-hi_acc-IP8/slurmJobs/submitJobs.sh
/w/eic-scshelf2104/users/billlee/productions/submissionFiles/ExclusiveReactions/MILOU3D/ep-18x275-DVCS-hi_div-IP6/slurmJobs/submitJobs.sh
/w/eic-scshelf2104/users/billlee/productions/submissionFiles/ExclusiveReactions/MILOU3D/ep-18x275-DVCS-hi_div-IP8/slurmJobs/submitJobs.sh
/w/eic-scshelf2104/users/billlee/productions/submissionFiles/ExclusiveReactions/MILOU3D/ep-5x41-DVCS-BH-hi_acc-IP6/slurmJobs/submitJobs.sh
/w/eic-scshelf2104/users/billlee/productions/submissionFiles/ExclusiveReactions/MILOU3D/ep-5x41-DVCS-BH-hi_acc-IP8/slurmJobs/submitJobs.sh
/w/eic-scshelf2104/users/billlee/productions/submissionFiles/ExclusiveReactions/MILOU3D/ep-5x41-DVCS-BH-hi_div-IP6/slurmJobs/submitJobs.sh
/w/eic-scshelf2104/users/billlee/productions/submissionFiles/ExclusiveReactions/MILOU3D/ep-5x41-DVCS-BH-hi_div-IP8/slurmJobs/submitJobs.sh
/w/eic-scshelf2104/users/billlee/productions/submissionFiles/ExclusiveReactions/MILOU3D/ep-5x41-DVCS-Full-hi_acc-IP6/slurmJobs/submitJobs.sh
/w/eic-scshelf2104/users/billlee/productions/submissionFiles/ExclusiveReactions/MILOU3D/ep-5x41-DVCS-Full-hi_acc-IP8/slurmJobs/submitJobs.sh
/w/eic-scshelf2104/users/billlee/productions/submissionFiles/ExclusiveReactions/MILOU3D/ep-5x41-DVCS-Full-hi_div-IP6/slurmJobs/submitJobs.sh
/w/eic-scshelf2104/users/billlee/productions/submissionFiles/ExclusiveReactions/MILOU3D/ep-5x41-DVCS-Full-hi_div-IP8/slurmJobs/submitJobs.sh
/w/eic-scshelf2104/users/billlee/productions/submissionFiles/ExclusiveReactions/MILOU3D/ep-5x41-DVCS-hi_acc-IP6/slurmJobs/submitJobs.sh
/w/eic-scshelf2104/users/billlee/productions/submissionFiles/ExclusiveReactions/MILOU3D/ep-5x41-DVCS-hi_acc-IP8/slurmJobs/submitJobs.sh
/w/eic-scshelf2104/users/billlee/productions/submissionFiles/ExclusiveReactions/MILOU3D/ep-5x41-DVCS-hi_div-IP6/slurmJobs/submitJobs.sh
/w/eic-scshelf2104/users/billlee/productions/submissionFiles/ExclusiveReactions/MILOU3D/ep-5x41-DVCS-hi_div-IP8/slurmJobs/submitJobs.sh
