/w/eic-scshelf2104/users/billlee/productions/submissionFiles/DiffractiveAndTagging/BeAGLE/eAu-10x100-JPsi_1_20-Xinbai-eA-IP6/slurmJobs/submitJobs.sh
/w/eic-scshelf2104/users/billlee/productions/submissionFiles/DiffractiveAndTagging/BeAGLE/eAu-10x100-JPsi_1e-2_1-Xinbai-eA-IP6/slurmJobs/submitJobs.sh
/w/eic-scshelf2104/users/billlee/productions/submissionFiles/DiffractiveAndTagging/BeAGLE/eAu-5x41-JPsi_1_20-Xinbai-eA-IP6/slurmJobs/submitJobs.sh
/w/eic-scshelf2104/users/billlee/productions/submissionFiles/DiffractiveAndTagging/BeAGLE/eAu-5x41-JPsi_1e-2_1-Xinbai-eA-IP6/slurmJobs/submitJobs.sh
/w/eic-scshelf2104/users/billlee/productions/submissionFiles/DiffractiveAndTagging/BeAGLE/ep-10x100-JPsi_1_20-Xinbai-hi_acc-IP6/slurmJobs/submitJobs.sh
/w/eic-scshelf2104/users/billlee/productions/submissionFiles/DiffractiveAndTagging/BeAGLE/ep-10x100-JPsi_1_20-Xinbai-hi_div-IP6/slurmJobs/submitJobs.sh
/w/eic-scshelf2104/users/billlee/productions/submissionFiles/DiffractiveAndTagging/BeAGLE/ep-10x100-JPsi_1e-2_1-Xinbai-hi_acc-IP6/slurmJobs/submitJobs.sh
/w/eic-scshelf2104/users/billlee/productions/submissionFiles/DiffractiveAndTagging/BeAGLE/ep-10x100-JPsi_1e-2_1-Xinbai-hi_div-IP6/slurmJobs/submitJobs.sh
/w/eic-scshelf2104/users/billlee/productions/submissionFiles/DiffractiveAndTagging/BeAGLE/ep-5x41-JPsi_1_20-Xinbai-hi_acc-IP6/slurmJobs/submitJobs.sh
/w/eic-scshelf2104/users/billlee/productions/submissionFiles/DiffractiveAndTagging/BeAGLE/ep-5x41-JPsi_1_20-Xinbai-hi_div-IP6/slurmJobs/submitJobs.sh
/w/eic-scshelf2104/users/billlee/productions/submissionFiles/DiffractiveAndTagging/BeAGLE/ep-5x41-JPsi_1e-2_1-Xinbai-hi_acc-IP6/slurmJobs/submitJobs.sh
/w/eic-scshelf2104/users/billlee/productions/submissionFiles/DiffractiveAndTagging/BeAGLE/ep-5x41-JPsi_1e-2_1-Xinbai-hi_div-IP6/slurmJobs/submitJobs.sh
/w/eic-scshelf2104/users/billlee/productions/submissionFiles/DiffractiveAndTagging/Sartre/eAu-10x100-incoh_JPsi_1_20-Xinbai-eA-IP6/slurmJobs/submitJobs.sh
/w/eic-scshelf2104/users/billlee/productions/submissionFiles/DiffractiveAndTagging/Sartre/eAu-10x100-incoh_JPsi_1e-2_20-Xinbai-eA-IP6/slurmJobs/submitJobs.sh
/w/eic-scshelf2104/users/billlee/productions/submissionFiles/DiffractiveAndTagging/Sartre/eAu-5x41-incoh_JPsi_1_20-Xinbai-eA-IP6/slurmJobs/submitJobs.sh
/w/eic-scshelf2104/users/billlee/productions/submissionFiles/DiffractiveAndTagging/Sartre/eAu-5x41-incoh_JPsi_1e-2_20-Xinbai-eA-IP6/slurmJobs/submitJobs.sh
/w/eic-scshelf2104/users/billlee/productions/submissionFiles/DiffractiveAndTagging/Sartre/ep-10x100-coh_JPsi_1_20-Xinbai-hi_acc-IP6/slurmJobs/submitJobs.sh
/w/eic-scshelf2104/users/billlee/productions/submissionFiles/DiffractiveAndTagging/Sartre/ep-10x100-coh_JPsi_1_20-Xinbai-hi_div-IP6/slurmJobs/submitJobs.sh
/w/eic-scshelf2104/users/billlee/productions/submissionFiles/DiffractiveAndTagging/Sartre/ep-10x100-coh_JPsi_1e-2_20-Xinbai-hi_acc-IP6/slurmJobs/submitJobs.sh
/w/eic-scshelf2104/users/billlee/productions/submissionFiles/DiffractiveAndTagging/Sartre/ep-10x100-coh_JPsi_1e-2_20-Xinbai-hi_div-IP6/slurmJobs/submitJobs.sh
/w/eic-scshelf2104/users/billlee/productions/submissionFiles/DiffractiveAndTagging/Sartre/ep-10x100-JPsi_1_20-Xinbai-hi_acc-IP6/slurmJobs/submitJobs.sh
/w/eic-scshelf2104/users/billlee/productions/submissionFiles/DiffractiveAndTagging/Sartre/ep-10x100-JPsi_1_20-Xinbai-hi_div-IP6/slurmJobs/submitJobs.sh
/w/eic-scshelf2104/users/billlee/productions/submissionFiles/DiffractiveAndTagging/Sartre/ep-10x100-JPsi_1e-2_1-Xinbai-hi_acc-IP6/slurmJobs/submitJobs.sh
/w/eic-scshelf2104/users/billlee/productions/submissionFiles/DiffractiveAndTagging/Sartre/ep-10x100-JPsi_1e-2_1-Xinbai-hi_div-IP6/slurmJobs/submitJobs.sh
/w/eic-scshelf2104/users/billlee/productions/submissionFiles/DiffractiveAndTagging/Sartre/ep-5x41-JPsi_1_20-Xinbai-hi_acc-IP6/slurmJobs/submitJobs.sh
/w/eic-scshelf2104/users/billlee/productions/submissionFiles/DiffractiveAndTagging/Sartre/ep-5x41-JPsi_1_20-Xinbai-hi_div-IP6/slurmJobs/submitJobs.sh
/w/eic-scshelf2104/users/billlee/productions/submissionFiles/DiffractiveAndTagging/Sartre/ep-5x41-JPsi_1e-2_1-Xinbai-hi_acc-IP6/slurmJobs/submitJobs.sh
/w/eic-scshelf2104/users/billlee/productions/submissionFiles/DiffractiveAndTagging/Sartre/ep-5x41-JPsi_1e-2_1-Xinbai-hi_div-IP6/slurmJobs/submitJobs.sh
